10:35:46.448 [main] INFO  resources.base - User has clicked on the Domain link from the left navigation menu
10:35:46.614 [main] INFO  resources.base - Manage Domains heading is present on Domain Page
10:35:48.740 [main] INFO  resources.base - User has clicked on the Account menu from the Shop Page
10:36:04.201 [main] INFO  resources.base - User has clicked on the Address of Use Link from the Account Menu
10:36:24.374 [main] ERROR resources.base - Address of Use heading is present on the Address Page
10:36:24.374 [main] ERROR resources.base - no such element: Unable to locate element: {"method":"xpath","selector":"//span[text()='Address Of Use']"}
  (Session info: chrome=70.0.3538.102)
  (Driver info: chromedriver=2.36.540470 (e522d04694c7ebea4ba8821272dbef4f9b818c91),platform=Windows NT 10.0.17134 x86_64) (WARNING: The server did not provide any stacktrace information)
Command duration or timeout: 0 milliseconds
For documentation on this error, please visit: http://seleniumhq.org/exceptions/no_such_element.html
Build info: version: '3.8.1', revision: '6e95a6684b', time: '2017-12-01T18:33:54.468Z'
System info: host: 'DESKTOP-B75F35K', ip: '192.168.14.216', os.name: 'Windows 10', os.arch: 'amd64', os.version: '10.0', java.version: '1.8.0_171'
Driver info: org.openqa.selenium.chrome.ChromeDriver
Capabilities {acceptInsecureCerts: false, acceptSslCerts: false, applicationCacheEnabled: false, browserConnectionEnabled: false, browserName: chrome, chrome: {chromedriverVersion: 2.36.540470 (e522d04694c7eb..., userDataDir: C:\Users\bilaw\AppData\Loca...}, cssSelectorsEnabled: true, databaseEnabled: false, handlesAlerts: true, hasTouchScreen: false, javascriptEnabled: true, locationContextEnabled: true, mobileEmulationEnabled: false, nativeEvents: true, networkConnectionEnabled: false, pageLoadStrategy: normal, platform: XP, platformName: XP, rotatable: false, setWindowRect: true, takesHeapSnapshot: true, takesScreenshot: true, unexpectedAlertBehaviour: , unhandledPromptBehavior: , version: 70.0.3538.102, webStorageEnabled: true}
Session ID: 9503fd81382f33b5bc672f6e143b54e7
*** Element info: {Using=xpath, value=//span[text()='Address Of Use']}
10:36:26.534 [main] INFO  resources.base - User has clicked on the Account menu from the Shop Page
10:36:42.923 [main] INFO  resources.base - User has clicked on the users Link from the Account Menu
10:36:48.067 [main] INFO  resources.base - Tabs are appearing on the Users Page
10:36:50.226 [main] INFO  resources.base - User has clicked on the request tab on the users page
10:36:50.313 [main] INFO  resources.base - After clicking on request tab, the request tab becomes active
10:36:52.449 [main] INFO  resources.base - User has clicked on the Invites tab on the users page
10:36:52.564 [main] INFO  resources.base - After clicking on Invites tab, the Invites tab becomes active
10:36:54.676 [main] INFO  resources.base - User has clicked on the Account menu from the Shop Page
10:36:57.547 [main] INFO  resources.base - User has clicked on the Logout Page from the Account Menu
10:36:58.067 [main] INFO  resources.base - User has clicked on the Forget Password Link from the Login Page
10:37:03.170 [main] INFO  resources.base - Email textbox is present on the Forget password page
10:37:07.126 [main] INFO  resources.base - User has clicked on the submit button on the forget password Page
10:37:07.187 [main] INFO  resources.base - Once the User click on Submit button then the validation message is appearing
10:37:18.981 [main] INFO  resources.base - User Clicked on Create Account Link from the Login Page
10:37:19.029 [main] INFO  resources.base - Signup Page is opended and its title is being captured
10:37:19.048 [main] INFO  resources.base - Email Text Box is present on the Signup Page
10:37:19.157 [main] INFO  resources.base - Verify button is present on the Signup Page and user has clicked on it
10:37:19.186 [main] INFO  resources.base - Once the User pressed the Verify button , Validation message is appearing on the Signup Page
10:46:02.703 [main] INFO  resources.base - The title of the home page is captured
10:46:02.712 [main] INFO  resources.base - The title of the Shop page is Verified Successfully
10:46:06.215 [main] INFO  resources.base - From the Home Page User has Clicked on MarkITPlace tab
10:46:06.215 [main] INFO  resources.base - User has routed to the Shop Page after clicking on MarketPlace link
10:46:17.910 [main] INFO  resources.base - User has Clicked on the Manage tab from the Home Dashboard
10:46:17.910 [main] INFO  resources.base - user has routed to the Manage Page after clicking on the manage Tab
10:46:17.952 [main] INFO  resources.base - User has Successfully nevigated to the manage Page
10:46:18.011 [main] INFO  resources.base - Billing & invoice link is present on the Manage Page
10:46:18.047 [main] INFO  resources.base - Calendar link is present on the Manage Page
10:46:18.061 [main] INFO  resources.base - Subscription link is present on the Manage Page
10:46:22.325 [main] INFO  resources.base - User has clicked on the Insight tab from the Home Page
10:46:22.345 [main] INFO  resources.base - After clicking on the Insight Tab from the Home page , User have successfully nevigate to the Insight Page
10:46:22.380 [main] INFO  resources.base - Dashboard Link is present on the Insight Page
10:46:22.463 [main] INFO  resources.base - Report Link is present on the Insight Page
10:46:38.001 [main] INFO  resources.base - User has clicked on the notification link from the Home Page
10:46:38.001 [main] INFO  resources.base - User has routed to the Notification page after clicking on the notification link
10:46:38.057 [main] INFO  resources.base - Notification heading is present on the Notifications page
10:46:38.090 [main] INFO  resources.base - All Notification tab is present on the Notifications page
10:46:38.126 [main] INFO  resources.base - Flagged tab is present on the Notifications page
10:46:41.247 [main] INFO  resources.base - User has clicked on the Logo from the Notification Page
10:46:41.298 [main] INFO  resources.base - After clicking on logo, user has roue to the Homepage
10:46:43.489 [main] INFO  resources.base - User has clicked on the Account menu from the Shop Page
10:47:03.860 [main] INFO  resources.base - User has clicked on the My Profile Page from the Account Menu
10:47:03.931 [main] INFO  resources.base - My Profile heading is present on My Profile Page
10:47:21.079 [main] INFO  resources.base - User has clicked on the Edit Profile button on My Profile Page
10:47:21.151 [main] INFO  resources.base - Edit profile heading is present on the Edit profile page
10:47:23.297 [main] INFO  resources.base - User has clicked on the Account menu from the Shop Page
10:47:39.603 [main] INFO  resources.base - User has clicked on the Change Password Link from the Account Menu
10:47:39.704 [main] INFO  resources.base - Change password heading is present on Change Password Page
10:47:51.345 [main] INFO  resources.base - User has clicked on the Catalog Restrictions link from the left navigation menu
10:47:51.424 [main] INFO  resources.base - Catalog Restrictions heading is present on Catalog Page
10:48:06.557 [main] INFO  resources.base - User has clicked on the Domain link from the left navigation menu
10:48:06.645 [main] INFO  resources.base - Manage Domains heading is present on Domain Page
10:48:08.785 [main] INFO  resources.base - User has clicked on the Account menu from the Shop Page
10:48:31.159 [main] INFO  resources.base - User has clicked on the Address of Use Link from the Account Menu
10:48:36.251 [main] INFO  resources.base - Address of Use heading is present on the Address Page
10:48:38.430 [main] INFO  resources.base - User has clicked on the Account menu from the Shop Page
10:48:59.199 [main] INFO  resources.base - User has clicked on the users Link from the Account Menu
10:49:04.357 [main] INFO  resources.base - Tabs are appearing on the Users Page
10:49:06.478 [main] INFO  resources.base - User has clicked on the request tab on the users page
10:49:06.535 [main] INFO  resources.base - After clicking on request tab, the request tab becomes active
10:49:08.655 [main] INFO  resources.base - User has clicked on the Invites tab on the users page
10:49:08.735 [main] INFO  resources.base - After clicking on Invites tab, the Invites tab becomes active
10:49:10.914 [main] INFO  resources.base - User has clicked on the Account menu from the Shop Page
10:49:14.000 [main] INFO  resources.base - User has clicked on the Logout Page from the Account Menu
10:49:14.448 [main] INFO  resources.base - User has clicked on the Forget Password Link from the Login Page
10:49:19.518 [main] INFO  resources.base - Email textbox is present on the Forget password page
10:49:23.269 [main] INFO  resources.base - User has clicked on the submit button on the forget password Page
10:49:23.309 [main] INFO  resources.base - Once the User click on Submit button then the validation message is appearing
10:49:38.989 [main] INFO  resources.base - User Clicked on Create Account Link from the Login Page
10:49:39.035 [main] INFO  resources.base - Signup Page is opended and its title is being captured
10:49:39.090 [main] INFO  resources.base - Email Text Box is present on the Signup Page
10:49:39.210 [main] INFO  resources.base - Verify button is present on the Signup Page and user has clicked on it
10:49:39.232 [main] INFO  resources.base - Once the User pressed the Verify button , Validation message is appearing on the Signup Page
07:55:56.990 [main] INFO  resources.base - The title of the home page is captured
07:55:57.017 [main] INFO  resources.base - The title of the Shop page is Verified Successfully
07:56:00.543 [main] INFO  resources.base - From the Home Page User has Clicked on MarkITPlace tab
07:56:00.543 [main] INFO  resources.base - User has routed to the Shop Page after clicking on MarketPlace link
07:56:09.809 [main] INFO  resources.base - User has Clicked on the Manage tab from the Home Dashboard
07:56:09.809 [main] INFO  resources.base - user has routed to the Manage Page after clicking on the manage Tab
07:56:09.872 [main] INFO  resources.base - User has Successfully nevigated to the manage Page
07:56:09.967 [main] INFO  resources.base - Billing & invoice link is present on the Manage Page
07:56:09.996 [main] INFO  resources.base - Calendar link is present on the Manage Page
07:56:10.015 [main] INFO  resources.base - Subscription link is present on the Manage Page
07:56:14.317 [main] INFO  resources.base - User has clicked on the Insight tab from the Home Page
07:56:14.376 [main] INFO  resources.base - After clicking on the Insight Tab from the Home page , User have successfully nevigate to the Insight Page
07:56:14.427 [main] INFO  resources.base - Dashboard Link is present on the Insight Page
07:56:14.448 [main] INFO  resources.base - Report Link is present on the Insight Page
07:56:32.446 [main] INFO  resources.base - User has clicked on the notification link from the Home Page
07:56:32.446 [main] INFO  resources.base - User has routed to the Notification page after clicking on the notification link
07:56:32.545 [main] INFO  resources.base - Notification heading is present on the Notifications page
07:56:32.589 [main] INFO  resources.base - All Notification tab is present on the Notifications page
07:56:32.622 [main] INFO  resources.base - Flagged tab is present on the Notifications page
07:56:35.836 [main] INFO  resources.base - User has clicked on the Logo from the Notification Page
07:56:35.894 [main] INFO  resources.base - After clicking on logo, user has roue to the Homepage
07:56:38.071 [main] INFO  resources.base - User has clicked on the Account menu from the Shop Page
07:56:54.182 [main] INFO  resources.base - User has clicked on the My Profile Page from the Account Menu
07:56:54.314 [main] INFO  resources.base - My Profile heading is present on My Profile Page
07:57:12.732 [main] INFO  resources.base - User has clicked on the Edit Profile button on My Profile Page
07:57:12.883 [main] INFO  resources.base - Edit profile heading is present on the Edit profile page
07:57:15.066 [main] INFO  resources.base - User has clicked on the Account menu from the Shop Page
07:57:31.842 [main] INFO  resources.base - User has clicked on the Change Password Link from the Account Menu
07:57:31.918 [main] INFO  resources.base - Change password heading is present on Change Password Page
07:57:43.221 [main] INFO  resources.base - User has clicked on the Catalog Restrictions link from the left navigation menu
07:57:43.344 [main] INFO  resources.base - Catalog Restrictions heading is present on Catalog Page
07:57:56.934 [main] INFO  resources.base - User has clicked on the Domain link from the left navigation menu
07:57:57.121 [main] INFO  resources.base - Manage Domains heading is present on Domain Page
07:57:59.288 [main] INFO  resources.base - User has clicked on the Account menu from the Shop Page
07:58:15.847 [main] INFO  resources.base - User has clicked on the Address of Use Link from the Account Menu
07:58:20.990 [main] INFO  resources.base - Address of Use heading is present on the Address Page
07:58:23.171 [main] INFO  resources.base - User has clicked on the Account menu from the Shop Page
07:58:38.632 [main] INFO  resources.base - User has clicked on the users Link from the Account Menu
07:58:43.857 [main] INFO  resources.base - Tabs are appearing on the Users Page
07:58:46.002 [main] INFO  resources.base - User has clicked on the request tab on the users page
07:58:46.108 [main] INFO  resources.base - After clicking on request tab, the request tab becomes active
07:58:48.218 [main] INFO  resources.base - User has clicked on the Invites tab on the users page
07:58:48.323 [main] INFO  resources.base - After clicking on Invites tab, the Invites tab becomes active
07:58:50.451 [main] INFO  resources.base - User has clicked on the Account menu from the Shop Page
07:58:53.348 [main] INFO  resources.base - User has clicked on the Logout Page from the Account Menu
07:58:53.889 [main] INFO  resources.base - User has clicked on the Forget Password Link from the Login Page
07:58:59.015 [main] INFO  resources.base - Email textbox is present on the Forget password page
07:59:02.785 [main] INFO  resources.base - User has clicked on the submit button on the forget password Page
07:59:02.869 [main] INFO  resources.base - Once the User click on Submit button then the validation message is appearing
07:59:18.606 [main] INFO  resources.base - User Clicked on Create Account Link from the Login Page
07:59:18.666 [main] INFO  resources.base - Signup Page is opended and its title is being captured
07:59:18.778 [main] INFO  resources.base - Email Text Box is present on the Signup Page
07:59:18.875 [main] INFO  resources.base - Verify button is present on the Signup Page and user has clicked on it
07:59:18.899 [main] INFO  resources.base - Once the User pressed the Verify button , Validation message is appearing on the Signup Page
18:17:44.413 [main] INFO  resources.base - The title of the home page is captured
18:17:44.413 [main] INFO  resources.base - The title of the Shop page is Verified Successfully
18:17:47.963 [main] INFO  resources.base - From the Home Page User has Clicked on MarkITPlace tab
18:17:47.963 [main] INFO  resources.base - User has routed to the Shop Page after clicking on MarketPlace link
18:17:58.007 [main] INFO  resources.base - User has Clicked on the Manage tab from the Home Dashboard
18:17:58.007 [main] INFO  resources.base - user has routed to the Manage Page after clicking on the manage Tab
18:17:58.028 [main] INFO  resources.base - User has Successfully nevigated to the manage Page
18:17:58.071 [main] INFO  resources.base - Billing & invoice link is present on the Manage Page
18:17:58.114 [main] INFO  resources.base - Calendar link is present on the Manage Page
18:17:58.142 [main] INFO  resources.base - Subscription link is present on the Manage Page
18:18:01.969 [main] INFO  resources.base - User has clicked on the Insight tab from the Home Page
18:18:01.981 [main] INFO  resources.base - After clicking on the Insight Tab from the Home page , User have successfully nevigate to the Insight Page
18:18:02.022 [main] INFO  resources.base - Dashboard Link is present on the Insight Page
18:18:02.043 [main] INFO  resources.base - Report Link is present on the Insight Page
18:18:17.372 [main] INFO  resources.base - User has clicked on the notification link from the Home Page
18:18:17.372 [main] INFO  resources.base - User has routed to the Notification page after clicking on the notification link
18:18:17.406 [main] INFO  resources.base - Notification heading is present on the Notifications page
18:18:17.430 [main] INFO  resources.base - All Notification tab is present on the Notifications page
18:18:17.452 [main] INFO  resources.base - Flagged tab is present on the Notifications page
18:18:20.946 [main] INFO  resources.base - User has clicked on the Logo from the Notification Page
18:18:20.955 [main] INFO  resources.base - After clicking on logo, user has roue to the Homepage
18:18:23.066 [main] INFO  resources.base - User has clicked on the Account menu from the Shop Page
18:18:39.416 [main] INFO  resources.base - User has clicked on the My Profile Page from the Account Menu
18:18:39.480 [main] INFO  resources.base - My Profile heading is present on My Profile Page
18:18:54.576 [main] INFO  resources.base - User has clicked on the Edit Profile button on My Profile Page
18:18:54.640 [main] INFO  resources.base - Edit profile heading is present on the Edit profile page
18:18:56.773 [main] INFO  resources.base - User has clicked on the Account menu from the Shop Page
18:19:18.581 [main] INFO  resources.base - User has clicked on the Change Password Link from the Account Menu
18:19:18.643 [main] INFO  resources.base - Change password heading is present on Change Password Page
18:19:32.684 [main] INFO  resources.base - User has clicked on the Catalog Restrictions link from the left navigation menu
18:19:32.747 [main] INFO  resources.base - Catalog Restrictions heading is present on Catalog Page
18:19:53.080 [main] INFO  resources.base - User has clicked on the Domain link from the left navigation menu
18:19:53.170 [main] INFO  resources.base - Manage Domains heading is present on Domain Page
18:19:55.347 [main] INFO  resources.base - User has clicked on the Account menu from the Shop Page
18:20:15.016 [main] INFO  resources.base - User has clicked on the Address of Use Link from the Account Menu
18:20:20.097 [main] INFO  resources.base - Address of Use heading is present on the Address Page
18:20:22.224 [main] INFO  resources.base - User has clicked on the Account menu from the Shop Page
18:20:37.828 [main] INFO  resources.base - User has clicked on the users Link from the Account Menu
18:20:42.981 [main] INFO  resources.base - Tabs are appearing on the Users Page
18:20:50.138 [main] INFO  resources.base - User has clicked on the request tab on the users page
18:20:50.211 [main] INFO  resources.base - After clicking on request tab, the request tab becomes active
18:20:57.307 [main] INFO  resources.base - User has clicked on the Invites tab on the users page
18:20:57.343 [main] INFO  resources.base - After clicking on Invites tab, the Invites tab becomes active
18:21:04.425 [main] INFO  resources.base - User has clicked on the Account menu from the Shop Page
18:21:12.478 [main] INFO  resources.base - User has clicked on the Logout Page from the Account Menu
18:21:18.125 [main] INFO  resources.base - User has clicked on the Forget Password Link from the Login Page
18:21:23.178 [main] INFO  resources.base - Email textbox is present on the Forget password page
18:21:32.123 [main] INFO  resources.base - User has clicked on the submit button on the forget password Page
18:21:32.162 [main] INFO  resources.base - Once the User click on Submit button then the validation message is appearing
18:21:52.269 [main] INFO  resources.base - User Clicked on Create Account Link from the Login Page
18:21:52.280 [main] INFO  resources.base - Signup Page is opended and its title is being captured
18:21:52.320 [main] INFO  resources.base - Email Text Box is present on the Signup Page
18:21:57.441 [main] INFO  resources.base - Verify button is present on the Signup Page and user has clicked on it
18:21:57.464 [main] INFO  resources.base - Once the User pressed the Verify button , Validation message is appearing on the Signup Page
08:22:06.826 [main] INFO  resources.base - The title of the home page is captured
08:22:06.826 [main] INFO  resources.base - The title of the Shop page is Verified Successfully
08:22:10.353 [main] INFO  resources.base - From the Home Page User has Clicked on MarkITPlace tab
08:22:10.353 [main] INFO  resources.base - User has routed to the Shop Page after clicking on MarketPlace link
08:22:21.314 [main] INFO  resources.base - User has Clicked on the Manage tab from the Home Dashboard
08:22:21.314 [main] INFO  resources.base - user has routed to the Manage Page after clicking on the manage Tab
08:22:21.374 [main] INFO  resources.base - User has Successfully nevigated to the manage Page
08:22:21.435 [main] INFO  resources.base - Billing & invoice link is present on the Manage Page
08:22:21.536 [main] INFO  resources.base - Calendar link is present on the Manage Page
08:22:21.557 [main] INFO  resources.base - Subscription link is present on the Manage Page
08:22:25.347 [main] INFO  resources.base - User has clicked on the Insight tab from the Home Page
08:22:25.402 [main] INFO  resources.base - After clicking on the Insight Tab from the Home page , User have successfully nevigate to the Insight Page
08:22:25.472 [main] INFO  resources.base - Dashboard Link is present on the Insight Page
08:22:25.498 [main] INFO  resources.base - Report Link is present on the Insight Page
08:22:45.082 [main] INFO  resources.base - User has clicked on the notification link from the Home Page
08:22:45.082 [main] INFO  resources.base - User has routed to the Notification page after clicking on the notification link
08:22:45.157 [main] INFO  resources.base - Notification heading is present on the Notifications page
08:22:45.186 [main] INFO  resources.base - All Notification tab is present on the Notifications page
08:22:45.237 [main] INFO  resources.base - Flagged tab is present on the Notifications page
08:22:48.563 [main] INFO  resources.base - User has clicked on the Logo from the Notification Page
08:22:48.623 [main] INFO  resources.base - After clicking on logo, user has roue to the Homepage
08:22:50.777 [main] INFO  resources.base - User has clicked on the Account menu from the Shop Page
08:23:07.615 [main] INFO  resources.base - User has clicked on the My Profile Page from the Account Menu
08:23:07.720 [main] INFO  resources.base - My Profile heading is present on My Profile Page
08:23:32.270 [main] INFO  resources.base - User has clicked on the Edit Profile button on My Profile Page
08:23:32.408 [main] INFO  resources.base - Edit profile heading is present on the Edit profile page
08:23:34.519 [main] INFO  resources.base - User has clicked on the Account menu from the Shop Page
08:24:02.587 [main] INFO  resources.base - User has clicked on the Change Password Link from the Account Menu
08:24:02.658 [main] INFO  resources.base - Change password heading is present on Change Password Page
08:24:15.913 [main] INFO  resources.base - User has clicked on the Catalog Restrictions link from the left navigation menu
08:24:16.087 [main] INFO  resources.base - Catalog Restrictions heading is present on Catalog Page
08:24:43.650 [main] INFO  resources.base - User has clicked on the Domain link from the left navigation menu
08:24:43.781 [main] INFO  resources.base - Manage Domains heading is present on Domain Page
08:24:45.960 [main] INFO  resources.base - User has clicked on the Account menu from the Shop Page
08:25:04.598 [main] INFO  resources.base - User has clicked on the Address of Use Link from the Account Menu
08:25:09.768 [main] INFO  resources.base - Address of Use heading is present on the Address Page
08:25:11.971 [main] INFO  resources.base - User has clicked on the Account menu from the Shop Page
08:25:29.985 [main] INFO  resources.base - User has clicked on the users Link from the Account Menu
08:25:35.731 [main] INFO  resources.base - Tabs are appearing on the Users Page
08:25:37.880 [main] INFO  resources.base - User has clicked on the request tab on the users page
08:25:37.985 [main] INFO  resources.base - After clicking on request tab, the request tab becomes active
08:25:40.110 [main] INFO  resources.base - User has clicked on the Invites tab on the users page
08:25:40.219 [main] INFO  resources.base - After clicking on Invites tab, the Invites tab becomes active
08:25:42.326 [main] INFO  resources.base - User has clicked on the Account menu from the Shop Page
08:25:45.085 [main] INFO  resources.base - User has clicked on the Logout Page from the Account Menu
08:25:45.619 [main] INFO  resources.base - User has clicked on the Forget Password Link from the Login Page
08:25:50.737 [main] INFO  resources.base - Email textbox is present on the Forget password page
08:25:54.516 [main] INFO  resources.base - User has clicked on the submit button on the forget password Page
08:25:54.536 [main] INFO  resources.base - Once the User click on Submit button then the validation message is appearing
08:26:08.408 [main] INFO  resources.base - User Clicked on Create Account Link from the Login Page
08:26:08.467 [main] INFO  resources.base - Signup Page is opended and its title is being captured
08:26:08.532 [main] INFO  resources.base - Email Text Box is present on the Signup Page
08:26:08.670 [main] INFO  resources.base - Verify button is present on the Signup Page and user has clicked on it
08:26:08.709 [main] INFO  resources.base - Once the User pressed the Verify button , Validation message is appearing on the Signup Page
10:47:30.843 [main] INFO  resources.base - The title of the home page is captured
10:47:30.855 [main] INFO  resources.base - The title of the Shop page is Verified Successfully
10:47:34.084 [main] INFO  resources.base - From the Home Page User has Clicked on MarkITPlace tab
10:47:34.084 [main] INFO  resources.base - User has routed to the Shop Page after clicking on MarketPlace link
10:47:55.997 [main] INFO  resources.base - User has Clicked on the Manage tab from the Home Dashboard
10:47:55.997 [main] INFO  resources.base - user has routed to the Manage Page after clicking on the manage Tab
10:47:56.050 [main] INFO  resources.base - User has Successfully nevigated to the manage Page
10:47:56.119 [main] INFO  resources.base - Billing & invoice link is present on the Manage Page
10:47:56.169 [main] INFO  resources.base - Calendar link is present on the Manage Page
10:47:56.191 [main] INFO  resources.base - Subscription link is present on the Manage Page
10:48:00.318 [main] INFO  resources.base - User has clicked on the Insight tab from the Home Page
10:48:00.376 [main] INFO  resources.base - After clicking on the Insight Tab from the Home page , User have successfully nevigate to the Insight Page
10:48:00.437 [main] INFO  resources.base - Dashboard Link is present on the Insight Page
10:48:00.478 [main] INFO  resources.base - Report Link is present on the Insight Page
10:48:47.172 [main] INFO  resources.base - User has clicked on the notification link from the Home Page
10:48:47.172 [main] INFO  resources.base - User has routed to the Notification page after clicking on the notification link
10:48:47.235 [main] INFO  resources.base - Notification heading is present on the Notifications page
10:48:47.258 [main] INFO  resources.base - All Notification tab is present on the Notifications page
10:48:47.285 [main] INFO  resources.base - Flagged tab is present on the Notifications page
10:48:50.724 [main] INFO  resources.base - User has clicked on the Logo from the Notification Page
10:48:50.779 [main] INFO  resources.base - After clicking on logo, user has roue to the Homepage
10:48:52.913 [main] INFO  resources.base - User has clicked on the Account menu from the Shop Page
10:49:08.975 [main] INFO  resources.base - User has clicked on the My Profile Page from the Account Menu
10:49:09.134 [main] INFO  resources.base - My Profile heading is present on My Profile Page
10:49:26.949 [main] INFO  resources.base - User has clicked on the Edit Profile button on My Profile Page
10:49:27.078 [main] INFO  resources.base - Edit profile heading is present on the Edit profile page
10:49:34.306 [main] INFO  resources.base - User has clicked on the Account menu from the Shop Page
10:50:03.566 [main] INFO  resources.base - User has clicked on the Change Password Link from the Account Menu
10:50:03.720 [main] INFO  resources.base - Change password heading is present on Change Password Page
10:50:20.821 [main] INFO  resources.base - User has clicked on the Catalog Restrictions link from the left navigation menu
10:50:20.962 [main] INFO  resources.base - Catalog Restrictions heading is present on Catalog Page
10:50:40.264 [main] INFO  resources.base - User has clicked on the Domain link from the left navigation menu
10:50:40.438 [main] INFO  resources.base - Manage Domains heading is present on Domain Page
10:50:47.616 [main] INFO  resources.base - User has clicked on the Account menu from the Shop Page
10:51:14.533 [main] INFO  resources.base - User has clicked on the Address of Use Link from the Account Menu
10:51:19.706 [main] INFO  resources.base - Address of Use heading is present on the Address Page
10:51:26.890 [main] INFO  resources.base - User has clicked on the Account menu from the Shop Page
10:51:53.474 [main] INFO  resources.base - User has clicked on the users Link from the Account Menu
10:51:58.704 [main] INFO  resources.base - Tabs are appearing on the Users Page
10:52:05.839 [main] INFO  resources.base - User has clicked on the request tab on the users page
10:52:05.880 [main] INFO  resources.base - After clicking on request tab, the request tab becomes active
10:52:13.008 [main] INFO  resources.base - User has clicked on the Invites tab on the users page
10:52:13.088 [main] INFO  resources.base - After clicking on Invites tab, the Invites tab becomes active
10:52:20.204 [main] INFO  resources.base - User has clicked on the Account menu from the Shop Page
10:52:29.534 [main] INFO  resources.base - User has clicked on the Logout Page from the Account Menu
10:52:35.050 [main] INFO  resources.base - User has clicked on the Forget Password Link from the Login Page
10:52:40.173 [main] INFO  resources.base - Email textbox is present on the Forget password page
10:52:49.141 [main] INFO  resources.base - User has clicked on the submit button on the forget password Page
10:52:49.190 [main] INFO  resources.base - Once the User click on Submit button then the validation message is appearing
10:53:07.481 [main] INFO  resources.base - User Clicked on Create Account Link from the Login Page
10:53:07.540 [main] INFO  resources.base - Signup Page is opended and its title is being captured
10:53:07.632 [main] INFO  resources.base - Email Text Box is present on the Signup Page
10:53:12.793 [main] INFO  resources.base - Verify button is present on the Signup Page and user has clicked on it
10:53:12.815 [main] INFO  resources.base - Once the User pressed the Verify button , Validation message is appearing on the Signup Page
19:07:59.629 [main] INFO  resources.base - The title of the home page is captured
19:07:59.652 [main] INFO  resources.base - The title of the Shop page is Verified Successfully
19:08:04.221 [main] INFO  resources.base - From the Home Page User has Clicked on MarkITPlace tab
19:08:04.221 [main] INFO  resources.base - User has routed to the Shop Page after clicking on MarketPlace link
19:08:26.005 [main] INFO  resources.base - User has Clicked on the Manage tab from the Home Dashboard
19:08:26.005 [main] INFO  resources.base - user has routed to the Manage Page after clicking on the manage Tab
19:08:26.063 [main] INFO  resources.base - User has Successfully nevigated to the manage Page
19:08:26.159 [main] INFO  resources.base - Billing & invoice link is present on the Manage Page
19:08:26.187 [main] INFO  resources.base - Calendar link is present on the Manage Page
19:08:26.255 [main] INFO  resources.base - Subscription link is present on the Manage Page
19:08:30.096 [main] INFO  resources.base - User has clicked on the Insight tab from the Home Page
19:08:30.149 [main] INFO  resources.base - After clicking on the Insight Tab from the Home page , User have successfully nevigate to the Insight Page
19:08:30.304 [main] INFO  resources.base - Dashboard Link is present on the Insight Page
19:08:30.332 [main] INFO  resources.base - Report Link is present on the Insight Page
19:09:11.506 [main] INFO  resources.base - User has clicked on the notification link from the Home Page
19:09:11.506 [main] INFO  resources.base - User has routed to the Notification page after clicking on the notification link
19:09:11.586 [main] INFO  resources.base - Notification heading is present on the Notifications page
19:09:11.632 [main] INFO  resources.base - All Notification tab is present on the Notifications page
19:09:11.657 [main] INFO  resources.base - Flagged tab is present on the Notifications page
19:09:15.178 [main] INFO  resources.base - User has clicked on the Logo from the Notification Page
19:09:15.186 [main] INFO  resources.base - After clicking on logo, user has roue to the Homepage
19:09:17.327 [main] INFO  resources.base - User has clicked on the Account menu from the Shop Page
19:09:33.245 [main] INFO  resources.base - User has clicked on the My Profile Page from the Account Menu
19:09:33.354 [main] INFO  resources.base - My Profile heading is present on My Profile Page
19:09:54.379 [main] INFO  resources.base - User has clicked on the Edit Profile button on My Profile Page
19:09:54.572 [main] INFO  resources.base - Edit profile heading is present on the Edit profile page
19:09:56.775 [main] INFO  resources.base - User has clicked on the Account menu from the Shop Page
19:10:14.232 [main] INFO  resources.base - User has clicked on the Change Password Link from the Account Menu
19:10:14.539 [main] INFO  resources.base - Change password heading is present on Change Password Page
19:11:41.956 [main] INFO  resources.base - User has clicked on the Catalog Restrictions link from the left navigation menu
19:11:42.136 [main] INFO  resources.base - Catalog Restrictions heading is present on Catalog Page
19:16:43.112 [main] ERROR resources.base - User not able to click on the Domain Link link from the left navigation menu
19:16:43.112 [main] ERROR resources.base - timeout
  (Session info: chrome=70.0.3538.102)
  (Driver info: chromedriver=2.36.540470 (e522d04694c7ebea4ba8821272dbef4f9b818c91),platform=Windows NT 10.0.17134 x86_64) (WARNING: The server did not provide any stacktrace information)
Command duration or timeout: 0 milliseconds
Build info: version: '3.8.1', revision: '6e95a6684b', time: '2017-12-01T18:33:54.468Z'
System info: host: 'DESKTOP-B75F35K', ip: '192.168.14.216', os.name: 'Windows 10', os.arch: 'amd64', os.version: '10.0', java.version: '1.8.0_171'
Driver info: org.openqa.selenium.chrome.ChromeDriver
Capabilities {acceptInsecureCerts: false, acceptSslCerts: false, applicationCacheEnabled: false, browserConnectionEnabled: false, browserName: chrome, chrome: {chromedriverVersion: 2.36.540470 (e522d04694c7eb..., userDataDir: C:\Users\bilaw\AppData\Loca...}, cssSelectorsEnabled: true, databaseEnabled: false, handlesAlerts: true, hasTouchScreen: false, javascriptEnabled: true, locationContextEnabled: true, mobileEmulationEnabled: false, nativeEvents: true, networkConnectionEnabled: false, pageLoadStrategy: normal, platform: XP, platformName: XP, rotatable: false, setWindowRect: true, takesHeapSnapshot: true, takesScreenshot: true, unexpectedAlertBehaviour: , unhandledPromptBehavior: , version: 70.0.3538.102, webStorageEnabled: true}
Session ID: e92ad8e95514973635887578988f3ed6
19:22:19.564 [main] INFO  resources.base - The title of the home page is captured
19:22:19.564 [main] INFO  resources.base - The title of the Shop page is Verified Successfully
19:22:23.209 [main] INFO  resources.base - From the Home Page User has Clicked on MarkITPlace tab
19:22:23.209 [main] INFO  resources.base - User has routed to the Shop Page after clicking on MarketPlace link
19:22:33.553 [main] INFO  resources.base - User has Clicked on the Manage tab from the Home Dashboard
19:22:33.553 [main] INFO  resources.base - user has routed to the Manage Page after clicking on the manage Tab
19:22:33.610 [main] INFO  resources.base - User has Successfully nevigated to the manage Page
19:22:33.648 [main] INFO  resources.base - Billing & invoice link is present on the Manage Page
19:22:33.756 [main] INFO  resources.base - Calendar link is present on the Manage Page
19:22:33.799 [main] INFO  resources.base - Subscription link is present on the Manage Page
19:22:37.636 [main] INFO  resources.base - User has clicked on the Insight tab from the Home Page
19:22:37.696 [main] INFO  resources.base - After clicking on the Insight Tab from the Home page , User have successfully nevigate to the Insight Page
19:22:37.739 [main] INFO  resources.base - Dashboard Link is present on the Insight Page
19:22:37.769 [main] INFO  resources.base - Report Link is present on the Insight Page
19:23:04.806 [main] INFO  resources.base - User has clicked on the notification link from the Home Page
19:23:04.806 [main] INFO  resources.base - User has routed to the Notification page after clicking on the notification link
19:23:04.886 [main] INFO  resources.base - Notification heading is present on the Notifications page
19:23:04.935 [main] INFO  resources.base - All Notification tab is present on the Notifications page
19:23:04.983 [main] INFO  resources.base - Flagged tab is present on the Notifications page
18:57:44.313 [main] INFO  resources.base - User has clicked on the Logo from the Notification Page
18:57:44.373 [main] INFO  resources.base - After clicking on logo, user has roue to the Homepage
18:57:46.516 [main] INFO  resources.base - User has clicked on the Account menu from the Shop Page
18:58:11.292 [main] INFO  resources.base - User has clicked on the My Profile Page from the Account Menu
18:58:11.445 [main] INFO  resources.base - My Profile heading is present on My Profile Page
18:59:13.538 [main] INFO  resources.base - User has clicked on the Edit Profile button on My Profile Page
18:59:13.589 [main] INFO  resources.base - Edit profile heading is present on the Edit profile page
18:59:15.817 [main] INFO  resources.base - User has clicked on the Account menu from the Shop Page
18:59:58.219 [main] INFO  resources.base - User has clicked on the Change Password Link from the Account Menu
18:59:58.350 [main] INFO  resources.base - Change password heading is present on Change Password Page
19:00:29.017 [main] INFO  resources.base - User has clicked on the Catalog Restrictions link from the left navigation menu
19:00:29.125 [main] INFO  resources.base - Catalog Restrictions heading is present on Catalog Page
19:01:09.220 [main] INFO  resources.base - User has clicked on the Domain link from the left navigation menu
19:01:09.351 [main] INFO  resources.base - Manage Domains heading is present on Domain Page
19:01:11.582 [main] INFO  resources.base - User has clicked on the Account menu from the Shop Page
19:02:11.165 [main] INFO  resources.base - User has clicked on the Address of Use Link from the Account Menu
19:02:16.347 [main] INFO  resources.base - Address of Use heading is present on the Address Page
19:02:18.581 [main] INFO  resources.base - User has clicked on the Account menu from the Shop Page
19:02:58.479 [main] INFO  resources.base - User has clicked on the users Link from the Account Menu
19:03:03.674 [main] INFO  resources.base - Tabs are appearing on the Users Page
19:03:05.930 [main] INFO  resources.base - User has clicked on the request tab on the users page
19:03:06.033 [main] INFO  resources.base - After clicking on request tab, the request tab becomes active
19:03:08.228 [main] INFO  resources.base - User has clicked on the Invites tab on the users page
19:03:08.331 [main] INFO  resources.base - After clicking on Invites tab, the Invites tab becomes active
19:03:10.498 [main] INFO  resources.base - User has clicked on the Account menu from the Shop Page
19:03:13.519 [main] INFO  resources.base - User has clicked on the Logout Page from the Account Menu
19:03:17.040 [main] INFO  resources.base - User has clicked on the Forget Password Link from the Login Page
19:03:22.182 [main] INFO  resources.base - Email textbox is present on the Forget password page
19:03:26.939 [main] INFO  resources.base - User has clicked on the submit button on the forget password Page
19:03:26.988 [main] INFO  resources.base - Once the User click on Submit button then the validation message is appearing
19:05:30.931 [main] INFO  resources.base - User Clicked on Create Account Link from the Login Page
19:05:30.991 [main] INFO  resources.base - Signup Page is opended and its title is being captured
19:05:31.064 [main] INFO  resources.base - Email Text Box is present on the Signup Page
19:05:31.172 [main] INFO  resources.base - Verify button is present on the Signup Page and user has clicked on it
19:05:31.197 [main] INFO  resources.base - Once the User pressed the Verify button , Validation message is appearing on the Signup Page
10:46:53.705 [main] INFO  resources.base - The title of the home page is captured
10:46:53.713 [main] INFO  resources.base - The title of the Shop page is Verified Successfully
10:46:56.610 [main] INFO  resources.base - From the Home Page User has Clicked on MarkITPlace tab
10:46:56.610 [main] INFO  resources.base - User has routed to the Shop Page after clicking on MarketPlace link
10:47:05.932 [main] INFO  resources.base - User has Clicked on the Manage tab from the Home Dashboard
10:47:05.932 [main] INFO  resources.base - user has routed to the Manage Page after clicking on the manage Tab
10:47:05.947 [main] INFO  resources.base - User has Successfully nevigated to the manage Page
10:47:05.993 [main] INFO  resources.base - Billing & invoice link is present on the Manage Page
10:47:06.017 [main] INFO  resources.base - Calendar link is present on the Manage Page
10:47:06.035 [main] INFO  resources.base - Subscription link is present on the Manage Page
10:47:09.845 [main] INFO  resources.base - User has clicked on the Insight tab from the Home Page
10:47:09.858 [main] INFO  resources.base - After clicking on the Insight Tab from the Home page , User have successfully nevigate to the Insight Page
10:47:09.897 [main] INFO  resources.base - Dashboard Link is present on the Insight Page
10:47:09.917 [main] INFO  resources.base - Report Link is present on the Insight Page
10:47:28.326 [main] INFO  resources.base - User has clicked on the notification link from the Home Page
10:47:28.326 [main] INFO  resources.base - User has routed to the Notification page after clicking on the notification link
10:47:28.369 [main] INFO  resources.base - Notification heading is present on the Notifications page
10:47:28.390 [main] INFO  resources.base - All Notification tab is present on the Notifications page
10:47:28.418 [main] INFO  resources.base - Flagged tab is present on the Notifications page
10:47:31.441 [main] INFO  resources.base - User has clicked on the Logo from the Notification Page
10:47:31.451 [main] INFO  resources.base - After clicking on logo, user has roue to the Homepage
10:47:33.546 [main] INFO  resources.base - User has clicked on the Account menu from the Shop Page
10:47:52.718 [main] INFO  resources.base - User has clicked on the My Profile Page from the Account Menu
10:47:52.801 [main] INFO  resources.base - My Profile heading is present on My Profile Page
10:48:13.921 [main] INFO  resources.base - User has clicked on the Edit Profile button on My Profile Page
10:48:14.001 [main] INFO  resources.base - Edit profile heading is present on the Edit profile page
10:48:16.119 [main] INFO  resources.base - User has clicked on the Account menu from the Shop Page
10:48:36.735 [main] INFO  resources.base - User has clicked on the Change Password Link from the Account Menu
10:48:36.824 [main] INFO  resources.base - Change password heading is present on Change Password Page
10:48:48.038 [main] INFO  resources.base - User has clicked on the Catalog Restrictions link from the left navigation menu
10:48:48.118 [main] INFO  resources.base - Catalog Restrictions heading is present on Catalog Page
10:49:00.333 [main] INFO  resources.base - User has clicked on the Domain link from the left navigation menu
10:49:00.397 [main] INFO  resources.base - Manage Domains heading is present on Domain Page
10:49:02.497 [main] INFO  resources.base - User has clicked on the Account menu from the Shop Page
10:49:18.643 [main] INFO  resources.base - User has clicked on the Address of Use Link from the Account Menu
10:49:23.724 [main] INFO  resources.base - Address of Use heading is present on the Address Page
10:49:25.899 [main] INFO  resources.base - User has clicked on the Account menu from the Shop Page
10:49:48.308 [main] INFO  resources.base - User has clicked on the users Link from the Account Menu
10:49:53.432 [main] INFO  resources.base - Tabs are appearing on the Users Page
10:49:55.586 [main] INFO  resources.base - User has clicked on the request tab on the users page
10:49:55.639 [main] INFO  resources.base - After clicking on request tab, the request tab becomes active
10:49:57.770 [main] INFO  resources.base - User has clicked on the Invites tab on the users page
10:49:57.810 [main] INFO  resources.base - After clicking on Invites tab, the Invites tab becomes active
10:49:59.951 [main] INFO  resources.base - User has clicked on the Account menu from the Shop Page
10:50:02.788 [main] INFO  resources.base - User has clicked on the Logout Page from the Account Menu
10:50:03.234 [main] INFO  resources.base - User has clicked on the Forget Password Link from the Login Page
10:50:08.285 [main] INFO  resources.base - Email textbox is present on the Forget password page
10:50:12.017 [main] INFO  resources.base - User has clicked on the submit button on the forget password Page
10:50:12.039 [main] INFO  resources.base - Once the User click on Submit button then the validation message is appearing
10:50:27.670 [main] INFO  resources.base - User Clicked on Create Account Link from the Login Page
10:50:27.678 [main] INFO  resources.base - Signup Page is opended and its title is being captured
10:50:27.742 [main] INFO  resources.base - Email Text Box is present on the Signup Page
10:50:27.876 [main] INFO  resources.base - Verify button is present on the Signup Page and user has clicked on it
10:50:27.903 [main] INFO  resources.base - Once the User pressed the Verify button , Validation message is appearing on the Signup Page
16:41:17.558 [main] INFO  resources.base - The title of the home page is captured
16:41:17.566 [main] INFO  resources.base - The title of the Shop page is Verified Successfully
16:41:20.980 [main] INFO  resources.base - From the Home Page User has Clicked on MarkITPlace tab
16:41:20.980 [main] INFO  resources.base - User has routed to the Shop Page after clicking on MarketPlace link
16:41:29.824 [main] INFO  resources.base - User has Clicked on the Manage tab from the Home Dashboard
16:41:29.824 [main] INFO  resources.base - user has routed to the Manage Page after clicking on the manage Tab
16:41:29.838 [main] INFO  resources.base - User has Successfully nevigated to the manage Page
16:41:29.896 [main] INFO  resources.base - Billing & invoice link is present on the Manage Page
16:41:29.914 [main] INFO  resources.base - Calendar link is present on the Manage Page
16:41:29.934 [main] INFO  resources.base - Subscription link is present on the Manage Page
16:41:33.718 [main] INFO  resources.base - User has clicked on the Insight tab from the Home Page
16:41:33.834 [main] INFO  resources.base - After clicking on the Insight Tab from the Home page , User have successfully nevigate to the Insight Page
16:41:33.870 [main] INFO  resources.base - Dashboard Link is present on the Insight Page
16:41:33.888 [main] INFO  resources.base - Report Link is present on the Insight Page
16:41:54.459 [main] INFO  resources.base - User has clicked on the notification link from the Home Page
16:41:54.459 [main] INFO  resources.base - User has routed to the Notification page after clicking on the notification link
16:41:54.503 [main] INFO  resources.base - Notification heading is present on the Notifications page
16:41:54.533 [main] INFO  resources.base - All Notification tab is present on the Notifications page
16:41:54.552 [main] INFO  resources.base - Flagged tab is present on the Notifications page
16:41:57.549 [main] INFO  resources.base - User has clicked on the Logo from the Notification Page
16:41:57.559 [main] INFO  resources.base - After clicking on logo, user has roue to the Homepage
16:41:59.647 [main] INFO  resources.base - User has clicked on the Account menu from the Shop Page
16:42:14.230 [main] INFO  resources.base - User has clicked on the My Profile Page from the Account Menu
16:42:14.285 [main] INFO  resources.base - My Profile heading is present on My Profile Page
