19:17:30.788 [main] INFO  resources.base - The title of the home page is captured
19:17:30.788 [main] INFO  resources.base - The title of the Shop page is Verified Successfully
19:17:39.192 [main] INFO  resources.base - From the Home Page User has Clicked on MarkITPlace tab
19:17:39.192 [main] INFO  resources.base - User has routed to the Shop Page after clicking on MarketPlace link
19:17:39.378 [main] ERROR resources.base - Consulting link is found on home page
19:17:46.122 [main] INFO  resources.base - User has Clicked on the Discover tab from the MarketPlace Page
19:17:54.177 [main] INFO  resources.base - User has Clicked on the Application tab from the MarketPlace Page
19:17:58.643 [main] INFO  resources.base - User has Clicked on the Infrastructure tab from the MarketPlace Page
19:18:10.995 [main] INFO  resources.base - User has Clicked on the Manage tab from the Home Dashboard
19:18:10.995 [main] INFO  resources.base - user has routed to the Manage Page after clicking on the manage Tab
19:18:11.004 [main] INFO  resources.base - User has Successfully nevigated to the manage Page
19:18:11.047 [main] INFO  resources.base - Subscription link is present on the Manage Page
19:18:11.062 [main] INFO  resources.base - Calendar link is present on the Manage Page
19:18:11.090 [main] INFO  resources.base - Usage link is present on the Manage Page
19:18:15.167 [main] INFO  resources.base - User has clicked on the Insight tab from the Home Page
19:18:15.177 [main] INFO  resources.base - After clicking on the Insight Tab from the Home page , User have successfully nevigate to the Insight Page
19:18:20.219 [main] INFO  resources.base - Spend Analysis link is present on the Insights Page
19:18:20.235 [main] INFO  resources.base - Recommendations link is present on the Insights Page
19:18:20.250 [main] INFO  resources.base - Reports link is present on the Insights Page
19:18:29.543 [main] INFO  resources.base - User has clicked on the notification link from the Home Page
19:18:29.543 [main] INFO  resources.base - User has routed to the Notification page after clicking on the notification link
19:18:29.573 [main] INFO  resources.base - Notification heading is present on the Notifications page
19:18:29.588 [main] INFO  resources.base - All Notification tab is present on the Notifications page
19:18:29.604 [main] INFO  resources.base - Flagged tab is present on the Notifications page
19:18:37.890 [main] INFO  resources.base - User has clicked on the Logo from the Notification Page
19:18:37.903 [main] INFO  resources.base - After clicking on logo, user has roue to the Homepage
19:18:40.026 [main] INFO  resources.base - User has clicked on the Account menu from the Shop Page
19:18:49.338 [main] INFO  resources.base - User has clicked on the My Profile Page from the Account Menu
19:18:49.425 [main] INFO  resources.base - My Profile heading is present on My Profile Page
19:18:59.072 [main] INFO  resources.base - User has clicked on the Edit Profile button on My Profile Page
19:18:59.147 [main] INFO  resources.base - Edit profile heading is present on the Edit profile page
19:19:01.223 [main] INFO  resources.base - User has clicked on the Account menu from the Shop Page
19:19:10.195 [main] INFO  resources.base - User has clicked on the Change Password Link from the Account Menu
19:19:10.309 [main] INFO  resources.base - Change password heading is present on Change Password Page
19:19:20.649 [main] INFO  resources.base - User has clicked on the Catalog Restrictions link from the left navigation menu
19:19:20.742 [main] INFO  resources.base - Catalog Restrictions heading is present on Catalog Page
19:19:27.386 [main] INFO  resources.base - User has clicked on the Domain link from the left navigation menu
19:19:27.510 [main] INFO  resources.base - Manage Domains heading is present on Domain Page
19:19:29.613 [main] INFO  resources.base - User has clicked on the Account menu from the Shop Page
19:19:39.622 [main] INFO  resources.base - User has clicked on the Address of Use Link from the Account Menu
19:19:46.695 [main] INFO  resources.base - Address of Use heading is present on the Address Page
19:19:48.814 [main] INFO  resources.base - User has clicked on the Account menu from the Shop Page
19:19:58.709 [main] INFO  resources.base - User has clicked on the users Link from the Account Menu
19:20:03.813 [main] INFO  resources.base - Tabs are appearing on the Users Page
19:20:05.917 [main] INFO  resources.base - User has clicked on the request tab on the users page
19:20:06.019 [main] INFO  resources.base - After clicking on request tab, the request tab becomes active
19:20:08.150 [main] INFO  resources.base - User has clicked on the Invites tab on the users page
19:20:08.179 [main] INFO  resources.base - After clicking on Invites tab, the Invites tab becomes active
19:20:12.158 [main] INFO  resources.base - On Search textbox user is typing Microsoft 365
19:20:14.234 [main] INFO  resources.base - Records are getting searched using the search textbox
19:20:16.366 [main] INFO  resources.base - User has clicked on the Account menu from the Shop Page
19:20:19.726 [main] INFO  resources.base - User has clicked on the Logout Page from the Account Menu
19:20:22.896 [main] INFO  resources.base - User is clicking on forgot password link on the login page
19:20:46.826 [main] INFO  resources.base - User has provided credentials to the login screen of the management portal
19:20:51.909 [main] INFO  resources.base - Customer tab is present on the home page
19:20:51.955 [main] INFO  resources.base - Catalog tab is present on the home page
19:20:52.017 [main] INFO  resources.base - Fulfillment tab is present on the home page
19:20:52.058 [main] INFO  resources.base - Reports tab is present on the home page
19:20:52.088 [main] INFO  resources.base - SETUP tab is present on the home page
19:20:52.241 [main] INFO  resources.base - User clicking on Account Menu on the Home Page
19:20:52.290 [main] INFO  resources.base - Logout appear while hovering on the account menu
19:21:10.971 [main] INFO  resources.base - User clicks on the SETUP tab on the home page
19:21:10.988 [main] INFO  resources.base - The title of the home page is captured
19:21:10.988 [main] INFO  resources.base - The title of the Users page is Verified Successfully
19:21:11.216 [main] INFO  resources.base - User is hovering on the users tab on setup page
19:21:11.254 [main] INFO  resources.base - Users dropdown option is present under user's tab on setup page
19:21:11.309 [main] INFO  resources.base - Create User dropdown option is present under user's tab on setup page
19:21:11.335 [main] INFO  resources.base - Create User dropdown option is present under user's tab on setup page
19:21:47.909 [main] INFO  resources.base - User is cliking on Add new Role button on the roles page
19:21:49.983 [main] INFO  resources.base - User is cliking on Edit button on the roles page
19:22:23.953 [main] INFO  resources.base - User is cliking on create user link on the roles page under user's tab
19:22:58.311 [main] INFO  resources.base - User is cliking on customer's tab on the homepage of the management portal
19:22:58.601 [main] INFO  resources.base - User is cliking on select fields button on the account page
19:22:58.724 [main] INFO  resources.base - Select field popup window is appearing after clicking on Select field button
19:22:58.907 [main] INFO  resources.base - User is cliking on export button on the account page
19:22:59.019 [main] INFO  resources.base - User is cliking on cancel button on export account popup window
19:23:02.158 [main] INFO  resources.base - User is cliking on Subscription tab on the Customer's page
19:23:02.354 [main] INFO  resources.base - User is cliking on select fields button on the Subscription page
19:23:02.490 [main] INFO  resources.base - Select field popup window is appearing after clicking on Select field button on Subscription page
19:23:02.680 [main] INFO  resources.base - User is cliking on export button on the Subscription page
19:23:02.813 [main] INFO  resources.base - User is cliking on cancel button on export account popup window
19:23:02.996 [main] INFO  resources.base - User is cliking on dropdown icon of 1st record on subscription page
19:23:03.251 [main] INFO  resources.base - User is cliking on edit subscription of 1st record on subscription page
19:23:07.427 [main] INFO  resources.base - User is cliking on Account tab under Customer section
19:23:24.435 [main] INFO  resources.base - User is clicking on Subscriptions link from the footer section of the application
19:23:28.168 [main] INFO  resources.base - User is clicking on Account link from the footer section of the application
19:23:28.378 [main] INFO  resources.base - User is cliking on dropdown icon of 1st record on Account's page
19:24:28.866 [main] INFO  resources.base - User is cliking on edit Account of 1st record on Account's page
19:24:39.205 [main] INFO  resources.base - User is cliking on save button on the edit account screen
19:24:43.063 [main] INFO  resources.base - User is cliking on cancel button on the edit account screen
19:24:45.533 [main] INFO  resources.base - User is clicking on Connection logo from the footer section of the application
19:24:49.575 [main] INFO  resources.base - User is clicking on Catalog tab from the header section of the application
19:24:53.364 [main] INFO  resources.base - User is clicking on Categories tab from the catalog section of the application
19:24:53.540 [main] INFO  resources.base - User is clicking on sync button on caregories page
19:24:54.847 [main] INFO  resources.base - Sync Message is appearing when user is clicking on sync button on categories page
19:25:05.206 [main] INFO  resources.base - User is clicking on export button on caregories page
19:25:05.427 [main] INFO  resources.base - User is clicking on cancel button on export popup
19:25:05.522 [main] INFO  resources.base - User is cliking on select fields button on the Categories page
19:25:05.627 [main] INFO  resources.base - Select field popup window is appearing after clicking on Select field button on Categories page
19:25:05.730 [main] INFO  resources.base - User is cliking on edit category dropdown icon of 1st record on category's page
19:25:05.873 [main] INFO  resources.base - User is cliking on edit Subscription of 1st record on Subscription's page
19:25:05.931 [main] INFO  resources.base - Edit subscription heading is appearing
19:25:21.090 [main] INFO  resources.base - User is clicking on customer tab from the header section of the application
19:25:22.521 [main] INFO  resources.base - User is clicking on Domain tab from the header section of the application under customer tab
19:25:22.671 [main] INFO  resources.base - User is clicking on export button on Domain page
19:25:22.809 [main] INFO  resources.base - User is clicking on cancel button on export popup
19:25:27.222 [main] INFO  resources.base - User is clicking on request tab from the header section of the application
19:25:27.335 [main] INFO  resources.base - Request id is appearing in address of use section under request tab
19:25:30.280 [main] INFO  resources.base - User is clicking on net terms tab on the request page
19:25:30.462 [main] INFO  resources.base - User is clicking on export button on request page
19:25:30.604 [main] INFO  resources.base - User is clicking on cancel button on export popup
19:25:32.469 [main] INFO  resources.base - User is clicking on notification from the header section of the application under customer section
19:25:32.658 [main] INFO  resources.base - User is clicking on export button from the notifications Page
19:25:32.797 [main] INFO  resources.base - User is clicking on cancel button from the export notifications popup
19:25:49.870 [main] INFO  resources.base - User is clicking on Send notification button from the notifications Page
19:25:51.339 [main] INFO  resources.base - User is clicking on catalog tab from the header of the Page
19:25:51.518 [main] INFO  resources.base - User is clicking on export button from the Provider Page
19:25:51.635 [main] INFO  resources.base - User is clicking on cancel button from the export provider popup
19:25:56.789 [main] INFO  resources.base - User is cliking on edit provider dropdown icon of 1st record on Provider's page
19:26:11.271 [main] INFO  resources.base - User is cliking on edit Provider of 1st record on provider's page
19:26:14.620 [main] INFO  resources.base - User is clicking on ADD PROVIDER button on the providers page
19:26:16.248 [main] INFO  resources.base - User is clicking on service tab from the catalog session
19:26:16.395 [main] INFO  resources.base - User is clicking on export button from the service Page
19:26:16.501 [main] INFO  resources.base - User is clicking on cancel button from the export provider popup
19:26:21.665 [main] INFO  resources.base - User is cliking on edit Service dropdown icon of 1st record on Service's page
19:26:36.934 [main] INFO  resources.base - User is cliking on edit Service of 1st record on Service's page
09:57:19.876 [main] INFO  resources.base - The title of the home page is captured
09:57:19.890 [main] INFO  resources.base - The title of the Shop page is Verified Successfully
09:57:27.351 [main] INFO  resources.base - From the Home Page User has Clicked on MarkITPlace tab
09:57:27.351 [main] INFO  resources.base - User has routed to the Shop Page after clicking on MarketPlace link
09:57:27.472 [main] ERROR resources.base - Consulting link is found on home page
09:57:34.091 [main] INFO  resources.base - User has Clicked on the Discover tab from the MarketPlace Page
09:57:42.611 [main] INFO  resources.base - User has Clicked on the Application tab from the MarketPlace Page
09:57:46.623 [main] INFO  resources.base - User has Clicked on the Infrastructure tab from the MarketPlace Page
09:57:51.687 [main] INFO  resources.base - User has Clicked on the Manage tab from the Home Dashboard
09:57:51.687 [main] INFO  resources.base - user has routed to the Manage Page after clicking on the manage Tab
09:57:51.706 [main] INFO  resources.base - User has Successfully nevigated to the manage Page
09:57:51.742 [main] INFO  resources.base - Subscription link is present on the Manage Page
09:57:51.762 [main] INFO  resources.base - Calendar link is present on the Manage Page
09:57:51.780 [main] INFO  resources.base - Usage link is present on the Manage Page
09:57:55.337 [main] INFO  resources.base - User has clicked on the Insight tab from the Home Page
09:57:55.350 [main] INFO  resources.base - After clicking on the Insight Tab from the Home page , User have successfully nevigate to the Insight Page
09:58:00.402 [main] INFO  resources.base - Spend Analysis link is present on the Insights Page
09:58:00.422 [main] INFO  resources.base - Recommendations link is present on the Insights Page
09:58:00.440 [main] INFO  resources.base - Reports link is present on the Insights Page
09:58:09.409 [main] INFO  resources.base - User has clicked on the notification link from the Home Page
09:58:09.409 [main] INFO  resources.base - User has routed to the Notification page after clicking on the notification link
09:58:09.449 [main] INFO  resources.base - Notification heading is present on the Notifications page
09:58:09.467 [main] INFO  resources.base - All Notification tab is present on the Notifications page
09:58:09.480 [main] INFO  resources.base - Flagged tab is present on the Notifications page
09:58:17.273 [main] INFO  resources.base - User has clicked on the Logo from the Notification Page
09:58:17.292 [main] INFO  resources.base - After clicking on logo, user has roue to the Homepage
09:58:19.442 [main] INFO  resources.base - User has clicked on the Account menu from the Shop Page
09:58:28.200 [main] INFO  resources.base - User has clicked on the My Profile Page from the Account Menu
09:58:28.275 [main] INFO  resources.base - My Profile heading is present on My Profile Page
09:58:37.049 [main] INFO  resources.base - User has clicked on the Edit Profile button on My Profile Page
09:58:37.117 [main] INFO  resources.base - Edit profile heading is present on the Edit profile page
09:58:39.188 [main] INFO  resources.base - User has clicked on the Account menu from the Shop Page
09:58:48.074 [main] INFO  resources.base - User has clicked on the Change Password Link from the Account Menu
09:58:48.137 [main] INFO  resources.base - Change password heading is present on Change Password Page
09:58:57.718 [main] INFO  resources.base - User has clicked on the Catalog Restrictions link from the left navigation menu
09:58:57.780 [main] INFO  resources.base - Catalog Restrictions heading is present on Catalog Page
09:59:04.214 [main] INFO  resources.base - User has clicked on the Domain link from the left navigation menu
09:59:04.285 [main] INFO  resources.base - Manage Domains heading is present on Domain Page
09:59:06.397 [main] INFO  resources.base - User has clicked on the Account menu from the Shop Page
09:59:15.221 [main] INFO  resources.base - User has clicked on the Address of Use Link from the Account Menu
09:59:22.281 [main] INFO  resources.base - Address of Use heading is present on the Address Page
09:59:24.382 [main] INFO  resources.base - User has clicked on the Account menu from the Shop Page
09:59:33.739 [main] INFO  resources.base - User has clicked on the users Link from the Account Menu
09:59:38.821 [main] INFO  resources.base - Tabs are appearing on the Users Page
09:59:40.937 [main] INFO  resources.base - User has clicked on the request tab on the users page
09:59:40.986 [main] INFO  resources.base - After clicking on request tab, the request tab becomes active
09:59:43.052 [main] INFO  resources.base - User has clicked on the Invites tab on the users page
09:59:43.097 [main] INFO  resources.base - After clicking on Invites tab, the Invites tab becomes active
09:59:46.216 [main] INFO  resources.base - On Search textbox user is typing Microsoft 365
09:59:48.250 [main] INFO  resources.base - Records are getting searched using the search textbox
09:59:50.339 [main] INFO  resources.base - User has clicked on the Account menu from the Shop Page
09:59:53.112 [main] INFO  resources.base - User has clicked on the Logout Page from the Account Menu
09:59:55.742 [main] INFO  resources.base - User is clicking on forgot password link on the login page
10:00:09.981 [main] INFO  resources.base - User has provided credentials to the login screen of the management portal
10:00:15.033 [main] INFO  resources.base - Customer tab is present on the home page
10:00:15.072 [main] INFO  resources.base - Catalog tab is present on the home page
10:00:15.100 [main] INFO  resources.base - Fulfillment tab is present on the home page
10:00:15.129 [main] INFO  resources.base - Reports tab is present on the home page
10:00:15.157 [main] INFO  resources.base - SETUP tab is present on the home page
10:00:15.235 [main] INFO  resources.base - User clicking on Account Menu on the Home Page
10:00:15.274 [main] INFO  resources.base - Logout appear while hovering on the account menu
10:00:26.069 [main] INFO  resources.base - User clicks on the SETUP tab on the home page
10:00:26.079 [main] INFO  resources.base - The title of the home page is captured
10:00:26.079 [main] INFO  resources.base - The title of the Users page is Verified Successfully
10:00:26.231 [main] INFO  resources.base - User is hovering on the users tab on setup page
10:00:26.255 [main] INFO  resources.base - Users dropdown option is present under user's tab on setup page
10:00:26.285 [main] INFO  resources.base - Create User dropdown option is present under user's tab on setup page
10:00:26.316 [main] INFO  resources.base - Create User dropdown option is present under user's tab on setup page
10:00:32.943 [main] INFO  resources.base - User is cliking on Add new Role button on the roles page
10:00:34.521 [main] INFO  resources.base - User is cliking on Edit button on the roles page
10:00:40.210 [main] INFO  resources.base - User is cliking on create user link on the roles page under user's tab
10:00:48.918 [main] INFO  resources.base - User is cliking on customer's tab on the homepage of the management portal
10:00:49.584 [main] INFO  resources.base - User is cliking on select fields button on the account page
10:00:50.343 [main] INFO  resources.base - Select field popup window is appearing after clicking on Select field button
10:00:50.440 [main] INFO  resources.base - User is cliking on export button on the account page
10:00:50.523 [main] INFO  resources.base - User is cliking on cancel button on export account popup window
10:00:52.206 [main] INFO  resources.base - User is cliking on Subscription tab on the Customer's page
10:00:52.356 [main] INFO  resources.base - User is cliking on select fields button on the Subscription page
10:00:52.494 [main] INFO  resources.base - Select field popup window is appearing after clicking on Select field button on Subscription page
10:00:52.594 [main] INFO  resources.base - User is cliking on export button on the Subscription page
10:00:52.697 [main] INFO  resources.base - User is cliking on cancel button on export account popup window
10:00:53.011 [main] INFO  resources.base - User is cliking on dropdown icon of 1st record on subscription page
10:00:53.263 [main] INFO  resources.base - User is cliking on edit subscription of 1st record on subscription page
10:00:55.671 [main] INFO  resources.base - User is cliking on Account tab under Customer section
10:01:10.379 [main] INFO  resources.base - User is clicking on Subscriptions link from the footer section of the application
10:01:12.406 [main] INFO  resources.base - User is clicking on Account link from the footer section of the application
10:01:12.565 [main] INFO  resources.base - User is cliking on dropdown icon of 1st record on Account's page
10:01:17.198 [main] INFO  resources.base - User is cliking on edit Account of 1st record on Account's page
10:01:27.410 [main] INFO  resources.base - User is cliking on save button on the edit account screen
10:01:29.791 [main] INFO  resources.base - User is cliking on cancel button on the edit account screen
10:01:30.381 [main] INFO  resources.base - User is clicking on Connection logo from the footer section of the application
10:01:31.518 [main] INFO  resources.base - User is clicking on Catalog tab from the header section of the application
10:01:33.910 [main] INFO  resources.base - User is clicking on Categories tab from the catalog section of the application
10:01:34.034 [main] INFO  resources.base - User is clicking on sync button on caregories page
10:01:34.582 [main] INFO  resources.base - Sync Message is appearing when user is clicking on sync button on categories page
10:01:45.130 [main] INFO  resources.base - User is clicking on export button on caregories page
10:01:45.225 [main] INFO  resources.base - User is clicking on cancel button on export popup
10:01:45.300 [main] INFO  resources.base - User is cliking on select fields button on the Categories page
10:01:45.526 [main] INFO  resources.base - Select field popup window is appearing after clicking on Select field button on Categories page
10:01:45.691 [main] INFO  resources.base - User is cliking on edit category dropdown icon of 1st record on category's page
10:01:45.800 [main] INFO  resources.base - User is cliking on edit Subscription of 1st record on Subscription's page
10:01:45.855 [main] INFO  resources.base - Edit subscription heading is appearing
10:01:58.040 [main] INFO  resources.base - User is clicking on customer tab from the header section of the application
10:01:58.952 [main] INFO  resources.base - User is clicking on Domain tab from the header section of the application under customer tab
10:01:59.043 [main] INFO  resources.base - User is clicking on export button on Domain page
10:01:59.137 [main] INFO  resources.base - User is clicking on cancel button on export popup
10:02:01.246 [main] INFO  resources.base - User is clicking on request tab from the header section of the application
10:02:01.316 [main] INFO  resources.base - Request id is appearing in address of use section under request tab
10:02:03.262 [main] INFO  resources.base - User is clicking on net terms tab on the request page
10:02:03.380 [main] INFO  resources.base - User is clicking on export button on request page
10:02:03.468 [main] INFO  resources.base - User is clicking on cancel button on export popup
10:02:04.864 [main] INFO  resources.base - User is clicking on notification from the header section of the application under customer section
10:02:04.970 [main] INFO  resources.base - User is clicking on export button from the notifications Page
10:02:05.062 [main] INFO  resources.base - User is clicking on cancel button from the export notifications popup
10:02:19.872 [main] INFO  resources.base - User is clicking on Send notification button from the notifications Page
10:02:21.067 [main] INFO  resources.base - User is clicking on catalog tab from the header of the Page
10:02:21.225 [main] INFO  resources.base - User is clicking on export button from the Provider Page
10:02:21.314 [main] INFO  resources.base - User is clicking on cancel button from the export provider popup
10:02:26.434 [main] INFO  resources.base - User is cliking on edit provider dropdown icon of 1st record on Provider's page
10:02:31.555 [main] INFO  resources.base - User is cliking on edit Provider of 1st record on provider's page
10:02:34.136 [main] INFO  resources.base - User is clicking on ADD PROVIDER button on the providers page
10:02:35.496 [main] INFO  resources.base - User is clicking on service tab from the catalog session
10:02:35.613 [main] INFO  resources.base - User is clicking on export button from the service Page
10:02:35.722 [main] INFO  resources.base - User is clicking on cancel button from the export provider popup
10:02:40.833 [main] INFO  resources.base - User is cliking on edit Service dropdown icon of 1st record on Service's page
10:02:47.154 [main] INFO  resources.base - User is cliking on edit Service of 1st record on Service's page
06:32:31.007 [main] INFO  resources.base - The title of the home page is captured
06:32:31.007 [main] INFO  resources.base - The title of the Shop page is Verified Successfully
06:32:41.854 [main] INFO  resources.base - From the Home Page User has Clicked on MarkITPlace tab
06:32:41.854 [main] INFO  resources.base - User has routed to the Shop Page after clicking on MarketPlace link
06:32:42.091 [main] ERROR resources.base - Consulting link is found on home page
06:32:49.262 [main] INFO  resources.base - User has Clicked on the Discover tab from the MarketPlace Page
06:32:57.974 [main] INFO  resources.base - User has Clicked on the Application tab from the MarketPlace Page
06:33:01.943 [main] INFO  resources.base - User has Clicked on the Infrastructure tab from the MarketPlace Page
06:33:07.778 [main] INFO  resources.base - User has Clicked on the Manage tab from the Home Dashboard
06:33:07.778 [main] INFO  resources.base - user has routed to the Manage Page after clicking on the manage Tab
06:33:07.842 [main] INFO  resources.base - User has Successfully nevigated to the manage Page
06:33:07.891 [main] INFO  resources.base - Subscription link is present on the Manage Page
06:33:07.957 [main] INFO  resources.base - Calendar link is present on the Manage Page
06:33:07.984 [main] INFO  resources.base - Usage link is present on the Manage Page
06:33:11.614 [main] INFO  resources.base - User has clicked on the Insight tab from the Home Page
23:59:20.938 [main] INFO  resources.base - The title of the home page is captured
23:59:20.955 [main] INFO  resources.base - The title of the Shop page is Verified Successfully
23:59:30.892 [main] INFO  resources.base - From the Home Page User has Clicked on MarkITPlace tab
23:59:30.892 [main] INFO  resources.base - User has routed to the Shop Page after clicking on MarketPlace link
23:59:31.173 [main] ERROR resources.base - Consulting link is found on home page
23:59:37.930 [main] INFO  resources.base - User has Clicked on the Discover tab from the MarketPlace Page
23:59:47.515 [main] INFO  resources.base - User has Clicked on the Application tab from the MarketPlace Page
23:59:51.836 [main] INFO  resources.base - User has Clicked on the Infrastructure tab from the MarketPlace Page
23:59:58.184 [main] INFO  resources.base - User has Clicked on the Manage tab from the Home Dashboard
23:59:58.184 [main] INFO  resources.base - user has routed to the Manage Page after clicking on the manage Tab
23:59:58.259 [main] INFO  resources.base - User has Successfully nevigated to the manage Page
23:59:58.321 [main] INFO  resources.base - Subscription link is present on the Manage Page
23:59:58.337 [main] INFO  resources.base - Calendar link is present on the Manage Page
23:59:58.340 [main] INFO  resources.base - Usage link is present on the Manage Page
00:00:01.996 [main] INFO  resources.base - User has clicked on the Insight tab from the Home Page
00:00:02.050 [main] INFO  resources.base - After clicking on the Insight Tab from the Home page , User have successfully nevigate to the Insight Page
00:00:07.195 [main] INFO  resources.base - Spend Analysis link is present on the Insights Page
00:00:07.214 [main] INFO  resources.base - Recommendations link is present on the Insights Page
00:00:07.248 [main] INFO  resources.base - Reports link is present on the Insights Page
00:00:16.351 [main] INFO  resources.base - User has clicked on the notification link from the Home Page
00:00:16.351 [main] INFO  resources.base - User has routed to the Notification page after clicking on the notification link
00:00:16.456 [main] INFO  resources.base - Notification heading is present on the Notifications page
00:00:16.515 [main] INFO  resources.base - All Notification tab is present on the Notifications page
00:00:16.531 [main] INFO  resources.base - Flagged tab is present on the Notifications page
00:00:25.139 [main] INFO  resources.base - User has clicked on the Logo from the Notification Page
00:00:25.174 [main] INFO  resources.base - After clicking on logo, user has roue to the Homepage
00:00:27.329 [main] INFO  resources.base - User has clicked on the Account menu from the Shop Page
00:01:35.238 [main] INFO  resources.base - User has clicked on the My Profile Page from the Account Menu
00:01:35.338 [main] INFO  resources.base - My Profile heading is present on My Profile Page
00:01:53.139 [main] INFO  resources.base - User has clicked on the Edit Profile button on My Profile Page
00:01:53.237 [main] INFO  resources.base - Edit profile heading is present on the Edit profile page
00:01:55.408 [main] INFO  resources.base - User has clicked on the Account menu from the Shop Page
00:02:20.282 [main] INFO  resources.base - User has clicked on the Change Password Link from the Account Menu
00:02:20.468 [main] INFO  resources.base - Change password heading is present on Change Password Page
00:02:41.308 [main] INFO  resources.base - User has clicked on the Catalog Restrictions link from the left navigation menu
00:02:41.389 [main] INFO  resources.base - Catalog Restrictions heading is present on Catalog Page
00:02:58.154 [main] INFO  resources.base - User has clicked on the Domain link from the left navigation menu
00:02:58.236 [main] INFO  resources.base - Manage Domains heading is present on Domain Page
00:03:00.386 [main] INFO  resources.base - User has clicked on the Account menu from the Shop Page
00:03:22.761 [main] INFO  resources.base - User has clicked on the Address of Use Link from the Account Menu
00:03:29.884 [main] INFO  resources.base - Address of Use heading is present on the Address Page
00:03:32.040 [main] INFO  resources.base - User has clicked on the Account menu from the Shop Page
00:04:33.889 [main] INFO  resources.base - User has clicked on the users Link from the Account Menu
00:04:39.085 [main] INFO  resources.base - Tabs are appearing on the Users Page
00:04:41.234 [main] INFO  resources.base - User has clicked on the request tab on the users page
00:04:41.309 [main] INFO  resources.base - After clicking on request tab, the request tab becomes active
00:04:43.422 [main] INFO  resources.base - User has clicked on the Invites tab on the users page
00:04:43.455 [main] INFO  resources.base - After clicking on Invites tab, the Invites tab becomes active
00:04:47.009 [main] INFO  resources.base - On Search textbox user is typing Microsoft 365
00:04:49.047 [main] INFO  resources.base - Records are getting searched using the search textbox
00:04:51.139 [main] INFO  resources.base - User has clicked on the Account menu from the Shop Page
00:04:55.614 [main] INFO  resources.base - User has clicked on the Logout Page from the Account Menu
00:05:14.852 [main] INFO  resources.base - User is clicking on forgot password link on the login page
00:06:23.587 [main] INFO  resources.base - User has provided credentials to the login screen of the management portal
00:06:28.727 [main] INFO  resources.base - Customer tab is present on the home page
00:06:28.829 [main] INFO  resources.base - Catalog tab is present on the home page
00:06:28.884 [main] INFO  resources.base - Fulfillment tab is present on the home page
00:06:28.931 [main] INFO  resources.base - Reports tab is present on the home page
00:06:28.983 [main] INFO  resources.base - SETUP tab is present on the home page
00:06:29.081 [main] INFO  resources.base - User clicking on Account Menu on the Home Page
00:06:29.122 [main] INFO  resources.base - Logout appear while hovering on the account menu
00:06:44.613 [main] INFO  resources.base - User clicks on the SETUP tab on the home page
00:06:44.662 [main] INFO  resources.base - The title of the home page is captured
00:06:44.662 [main] INFO  resources.base - The title of the Users page is Verified Successfully
00:06:44.891 [main] INFO  resources.base - User is hovering on the users tab on setup page
00:06:44.911 [main] INFO  resources.base - Users dropdown option is present under user's tab on setup page
00:06:44.941 [main] INFO  resources.base - Create User dropdown option is present under user's tab on setup page
00:06:44.964 [main] INFO  resources.base - Create User dropdown option is present under user's tab on setup page
00:06:51.992 [main] INFO  resources.base - User is cliking on Add new Role button on the roles page
00:06:53.598 [main] INFO  resources.base - User is cliking on Edit button on the roles page
00:06:59.210 [main] INFO  resources.base - User is cliking on create user link on the roles page under user's tab
00:07:52.340 [main] INFO  resources.base - User is cliking on customer's tab on the homepage of the management portal
00:07:52.580 [main] INFO  resources.base - User is cliking on select fields button on the account page
00:07:52.679 [main] INFO  resources.base - Select field popup window is appearing after clicking on Select field button
00:07:52.779 [main] INFO  resources.base - User is cliking on export button on the account page
00:07:52.887 [main] INFO  resources.base - User is cliking on cancel button on export account popup window
00:08:01.714 [main] INFO  resources.base - User is cliking on Subscription tab on the Customer's page
00:08:01.931 [main] INFO  resources.base - User is cliking on select fields button on the Subscription page
00:08:02.033 [main] INFO  resources.base - Select field popup window is appearing after clicking on Select field button on Subscription page
00:08:02.124 [main] INFO  resources.base - User is cliking on export button on the Subscription page
00:08:02.214 [main] INFO  resources.base - User is cliking on cancel button on export account popup window
00:08:02.390 [main] INFO  resources.base - User is cliking on dropdown icon of 1st record on subscription page
00:08:02.591 [main] INFO  resources.base - User is cliking on edit subscription of 1st record on subscription page
00:08:18.287 [main] INFO  resources.base - User is cliking on Account tab under Customer section
00:08:42.931 [main] INFO  resources.base - User is clicking on Subscriptions link from the footer section of the application
00:09:00.840 [main] INFO  resources.base - User is clicking on Account link from the footer section of the application
00:09:01.145 [main] INFO  resources.base - User is cliking on dropdown icon of 1st record on Account's page
00:09:28.375 [main] INFO  resources.base - User is cliking on edit Account of 1st record on Account's page
00:09:38.649 [main] INFO  resources.base - User is cliking on save button on the edit account screen
00:09:59.451 [main] INFO  resources.base - User is cliking on cancel button on the edit account screen
00:10:01.787 [main] INFO  resources.base - User is clicking on Connection logo from the footer section of the application
00:10:06.393 [main] INFO  resources.base - User is clicking on Catalog tab from the header section of the application
00:10:17.386 [main] INFO  resources.base - User is clicking on Categories tab from the catalog section of the application
00:10:17.610 [main] INFO  resources.base - User is clicking on sync button on caregories page
00:10:18.194 [main] INFO  resources.base - Sync Message is appearing when user is clicking on sync button on categories page
00:10:28.483 [main] INFO  resources.base - User is clicking on export button on caregories page
00:10:28.576 [main] INFO  resources.base - User is clicking on cancel button on export popup
00:10:28.665 [main] INFO  resources.base - User is cliking on select fields button on the Categories page
00:10:28.772 [main] INFO  resources.base - Select field popup window is appearing after clicking on Select field button on Categories page
00:10:28.907 [main] INFO  resources.base - User is cliking on edit category dropdown icon of 1st record on category's page
00:10:29.203 [main] INFO  resources.base - User is cliking on edit Subscription of 1st record on Subscription's page
00:10:29.254 [main] INFO  resources.base - Edit subscription heading is appearing
00:11:25.201 [main] ERROR resources.base - catalog tab is not present on the header of the page
00:11:25.201 [main] ERROR resources.base - no such element: Unable to locate element: {"method":"xpath","selector":"//a[@class='track ' and text()='Catalog']"}
  (Session info: chrome=74.0.3729.169)
  (Driver info: chromedriver=2.36.540470 (e522d04694c7ebea4ba8821272dbef4f9b818c91),platform=Windows NT 10.0.17134 x86_64) (WARNING: The server did not provide any stacktrace information)
Command duration or timeout: 0 milliseconds
For documentation on this error, please visit: http://seleniumhq.org/exceptions/no_such_element.html
Build info: version: '3.8.1', revision: '6e95a6684b', time: '2017-12-01T18:33:54.468Z'
System info: host: 'DESKTOP-B75F35K', ip: '192.168.14.216', os.name: 'Windows 10', os.arch: 'amd64', os.version: '10.0', java.version: '1.8.0_171'
Driver info: org.openqa.selenium.chrome.ChromeDriver
Capabilities {acceptInsecureCerts: false, acceptSslCerts: false, applicationCacheEnabled: false, browserConnectionEnabled: false, browserName: chrome, chrome: {chromedriverVersion: 2.36.540470 (e522d04694c7eb..., userDataDir: C:\Users\bilaw\AppData\Loca...}, cssSelectorsEnabled: true, databaseEnabled: false, handlesAlerts: true, hasTouchScreen: false, javascriptEnabled: true, locationContextEnabled: true, mobileEmulationEnabled: false, nativeEvents: true, networkConnectionEnabled: false, pageLoadStrategy: normal, platform: XP, platformName: XP, rotatable: false, setWindowRect: true, takesHeapSnapshot: true, takesScreenshot: true, unexpectedAlertBehaviour: , unhandledPromptBehavior: , version: 74.0.3729.169, webStorageEnabled: true}
Session ID: 0f57812ab5cd22e9ef65d8aff946359f
*** Element info: {Using=xpath, value=//a[@class='track ' and text()='Catalog']}
00:11:25.421 [main] INFO  resources.base - User is clicking on export button from the Provider Page
00:11:25.520 [main] INFO  resources.base - User is clicking on cancel button from the export provider popup
00:11:30.885 [main] INFO  resources.base - User is cliking on edit provider dropdown icon of 1st record on Provider's page
00:11:50.956 [main] ERROR resources.base - Dropdown arrow or Edit providor dropdown option is not appearing on provider's page
00:11:50.956 [main] ERROR resources.base - no such element: Unable to locate element: {"method":"xpath","selector":"//a[text()='Edit Provider']"}
  (Session info: chrome=74.0.3729.169)
  (Driver info: chromedriver=2.36.540470 (e522d04694c7ebea4ba8821272dbef4f9b818c91),platform=Windows NT 10.0.17134 x86_64) (WARNING: The server did not provide any stacktrace information)
Command duration or timeout: 0 milliseconds
For documentation on this error, please visit: http://seleniumhq.org/exceptions/no_such_element.html
Build info: version: '3.8.1', revision: '6e95a6684b', time: '2017-12-01T18:33:54.468Z'
System info: host: 'DESKTOP-B75F35K', ip: '192.168.14.216', os.name: 'Windows 10', os.arch: 'amd64', os.version: '10.0', java.version: '1.8.0_171'
Driver info: org.openqa.selenium.chrome.ChromeDriver
Capabilities {acceptInsecureCerts: false, acceptSslCerts: false, applicationCacheEnabled: false, browserConnectionEnabled: false, browserName: chrome, chrome: {chromedriverVersion: 2.36.540470 (e522d04694c7eb..., userDataDir: C:\Users\bilaw\AppData\Loca...}, cssSelectorsEnabled: true, databaseEnabled: false, handlesAlerts: true, hasTouchScreen: false, javascriptEnabled: true, locationContextEnabled: true, mobileEmulationEnabled: false, nativeEvents: true, networkConnectionEnabled: false, pageLoadStrategy: normal, platform: XP, platformName: XP, rotatable: false, setWindowRect: true, takesHeapSnapshot: true, takesScreenshot: true, unexpectedAlertBehaviour: , unhandledPromptBehavior: , version: 74.0.3729.169, webStorageEnabled: true}
Session ID: 0f57812ab5cd22e9ef65d8aff946359f
*** Element info: {Using=xpath, value=//a[text()='Edit Provider']}
00:12:11.065 [main] ERROR resources.base - Add provider button is not present on the provider page
00:12:11.065 [main] ERROR resources.base - no such element: Unable to locate element: {"method":"xpath","selector":"//a[text()='Cancel']"}
  (Session info: chrome=74.0.3729.169)
  (Driver info: chromedriver=2.36.540470 (e522d04694c7ebea4ba8821272dbef4f9b818c91),platform=Windows NT 10.0.17134 x86_64) (WARNING: The server did not provide any stacktrace information)
Command duration or timeout: 0 milliseconds
For documentation on this error, please visit: http://seleniumhq.org/exceptions/no_such_element.html
Build info: version: '3.8.1', revision: '6e95a6684b', time: '2017-12-01T18:33:54.468Z'
System info: host: 'DESKTOP-B75F35K', ip: '192.168.14.216', os.name: 'Windows 10', os.arch: 'amd64', os.version: '10.0', java.version: '1.8.0_171'
Driver info: org.openqa.selenium.chrome.ChromeDriver
Capabilities {acceptInsecureCerts: false, acceptSslCerts: false, applicationCacheEnabled: false, browserConnectionEnabled: false, browserName: chrome, chrome: {chromedriverVersion: 2.36.540470 (e522d04694c7eb..., userDataDir: C:\Users\bilaw\AppData\Loca...}, cssSelectorsEnabled: true, databaseEnabled: false, handlesAlerts: true, hasTouchScreen: false, javascriptEnabled: true, locationContextEnabled: true, mobileEmulationEnabled: false, nativeEvents: true, networkConnectionEnabled: false, pageLoadStrategy: normal, platform: XP, platformName: XP, rotatable: false, setWindowRect: true, takesHeapSnapshot: true, takesScreenshot: true, unexpectedAlertBehaviour: , unhandledPromptBehavior: , version: 74.0.3729.169, webStorageEnabled: true}
Session ID: 0f57812ab5cd22e9ef65d8aff946359f
*** Element info: {Using=xpath, value=//a[text()='Cancel']}
00:12:16.528 [main] INFO  resources.base - User is clicking on service tab from the catalog session
00:12:16.787 [main] INFO  resources.base - User is clicking on export button from the service Page
00:12:16.955 [main] INFO  resources.base - User is clicking on cancel button from the export provider popup
00:12:22.153 [main] INFO  resources.base - User is cliking on edit Service dropdown icon of 1st record on Service's page
00:12:31.448 [main] INFO  resources.base - User is cliking on edit Service of 1st record on Service's page
06:58:51.104 [main] INFO  resources.base - The title of the home page is captured
06:58:51.419 [main] INFO  resources.base - The title of the Shop page is Verified Successfully
06:59:01.571 [main] INFO  resources.base - From the Home Page User has Clicked on MarkITPlace tab
06:59:01.571 [main] INFO  resources.base - User has routed to the Shop Page after clicking on MarketPlace link
06:59:01.696 [main] ERROR resources.base - Consulting link is found on home page
06:59:09.202 [main] INFO  resources.base - User has Clicked on the Discover tab from the MarketPlace Page
06:59:18.047 [main] INFO  resources.base - User has Clicked on the Application tab from the MarketPlace Page
06:59:22.666 [main] INFO  resources.base - User has Clicked on the Infrastructure tab from the MarketPlace Page
06:59:28.274 [main] INFO  resources.base - User has Clicked on the Manage tab from the Home Dashboard
06:59:28.274 [main] INFO  resources.base - user has routed to the Manage Page after clicking on the manage Tab
06:59:28.290 [main] INFO  resources.base - User has Successfully nevigated to the manage Page
06:59:28.345 [main] INFO  resources.base - Subscription link is present on the Manage Page
06:59:28.364 [main] INFO  resources.base - Calendar link is present on the Manage Page
06:59:28.382 [main] INFO  resources.base - Usage link is present on the Manage Page
06:59:32.335 [main] INFO  resources.base - User has clicked on the Insight tab from the Home Page
06:59:32.343 [main] INFO  resources.base - After clicking on the Insight Tab from the Home page , User have successfully nevigate to the Insight Page
06:59:37.377 [main] INFO  resources.base - Spend Analysis link is present on the Insights Page
06:59:37.394 [main] INFO  resources.base - Recommendations link is present on the Insights Page
06:59:37.410 [main] INFO  resources.base - Reports link is present on the Insights Page
06:59:46.864 [main] INFO  resources.base - User has clicked on the notification link from the Home Page
06:59:46.864 [main] INFO  resources.base - User has routed to the Notification page after clicking on the notification link
06:59:46.936 [main] INFO  resources.base - Notification heading is present on the Notifications page
06:59:46.967 [main] INFO  resources.base - All Notification tab is present on the Notifications page
06:59:46.983 [main] INFO  resources.base - Flagged tab is present on the Notifications page
06:59:54.735 [main] INFO  resources.base - User has clicked on the Logo from the Notification Page
06:59:54.750 [main] INFO  resources.base - After clicking on logo, user has roue to the Homepage
06:59:56.861 [main] INFO  resources.base - User has clicked on the Account menu from the Shop Page
07:00:06.017 [main] INFO  resources.base - User has clicked on the My Profile Page from the Account Menu
07:00:06.203 [main] INFO  resources.base - My Profile heading is present on My Profile Page
07:00:15.996 [main] INFO  resources.base - User has clicked on the Edit Profile button on My Profile Page
07:00:16.196 [main] INFO  resources.base - Edit profile heading is present on the Edit profile page
07:00:18.322 [main] INFO  resources.base - User has clicked on the Account menu from the Shop Page
07:00:27.346 [main] INFO  resources.base - User has clicked on the Change Password Link from the Account Menu
07:00:27.448 [main] INFO  resources.base - Change password heading is present on Change Password Page
07:00:37.121 [main] INFO  resources.base - User has clicked on the Catalog Restrictions link from the left navigation menu
07:00:37.237 [main] INFO  resources.base - Catalog Restrictions heading is present on Catalog Page
07:00:44.024 [main] INFO  resources.base - User has clicked on the Domain link from the left navigation menu
07:00:44.099 [main] INFO  resources.base - Manage Domains heading is present on Domain Page
07:00:46.187 [main] INFO  resources.base - User has clicked on the Account menu from the Shop Page
07:00:55.266 [main] INFO  resources.base - User has clicked on the Address of Use Link from the Account Menu
07:01:02.397 [main] INFO  resources.base - Address of Use heading is present on the Address Page
07:01:04.554 [main] INFO  resources.base - User has clicked on the Account menu from the Shop Page
07:01:14.079 [main] INFO  resources.base - User has clicked on the users Link from the Account Menu
07:01:19.261 [main] INFO  resources.base - Tabs are appearing on the Users Page
07:01:21.382 [main] INFO  resources.base - User has clicked on the request tab on the users page
07:01:21.438 [main] INFO  resources.base - After clicking on request tab, the request tab becomes active
07:01:23.544 [main] INFO  resources.base - User has clicked on the Invites tab on the users page
07:01:23.584 [main] INFO  resources.base - After clicking on Invites tab, the Invites tab becomes active
07:01:26.876 [main] INFO  resources.base - On Search textbox user is typing Microsoft 365
07:01:28.925 [main] INFO  resources.base - Records are getting searched using the search textbox
07:01:31.027 [main] INFO  resources.base - User has clicked on the Account menu from the Shop Page
07:01:33.897 [main] INFO  resources.base - User has clicked on the Logout Page from the Account Menu
07:01:37.559 [main] INFO  resources.base - User is clicking on forgot password link on the login page
