11:29:42.907 [main] INFO  resources.base - User has clicked on the Account menu from the Shop Page
11:30:44.203 [main] INFO  resources.base - User has clicked on the Change Password Link from the Account Menu
11:30:44.310 [main] INFO  resources.base - Change password heading is present on Change Password Page
11:30:46.479 [main] INFO  resources.base - User has clicked on the Account menu from the Shop Page
11:32:22.547 [main] INFO  resources.base - User has clicked on the Account Setting from the header
11:32:22.689 [main] INFO  resources.base - Account Settings heading is present on Account Settings Page
11:32:39.311 [main] INFO  resources.base - User has clicked on the Catalog Restrictions link from the left navigation menu
11:32:59.498 [main] ERROR resources.base - Catalog Restrictions heading is not present on Catalog Page
11:32:59.498 [main] ERROR resources.base - no such element: Unable to locate element: {"method":"xpath","selector":"//span[text()='Catalog']"}
  (Session info: chrome=70.0.3538.102)
  (Driver info: chromedriver=2.36.540470 (e522d04694c7ebea4ba8821272dbef4f9b818c91),platform=Windows NT 10.0.17134 x86_64) (WARNING: The server did not provide any stacktrace information)
Command duration or timeout: 0 milliseconds
For documentation on this error, please visit: http://seleniumhq.org/exceptions/no_such_element.html
Build info: version: '3.8.1', revision: '6e95a6684b', time: '2017-12-01T18:33:54.468Z'
System info: host: 'DESKTOP-B75F35K', ip: '192.168.14.216', os.name: 'Windows 10', os.arch: 'amd64', os.version: '10.0', java.version: '1.8.0_171'
Driver info: org.openqa.selenium.chrome.ChromeDriver
Capabilities {acceptInsecureCerts: false, acceptSslCerts: false, applicationCacheEnabled: false, browserConnectionEnabled: false, browserName: chrome, chrome: {chromedriverVersion: 2.36.540470 (e522d04694c7eb..., userDataDir: C:\Users\bilaw\AppData\Loca...}, cssSelectorsEnabled: true, databaseEnabled: false, handlesAlerts: true, hasTouchScreen: false, javascriptEnabled: true, locationContextEnabled: true, mobileEmulationEnabled: false, nativeEvents: true, networkConnectionEnabled: false, pageLoadStrategy: normal, platform: XP, platformName: XP, rotatable: false, setWindowRect: true, takesHeapSnapshot: true, takesScreenshot: true, unexpectedAlertBehaviour: , unhandledPromptBehavior: , version: 70.0.3538.102, webStorageEnabled: true}
Session ID: 64d2cc7aa3de79724d02b65064169c0d
*** Element info: {Using=xpath, value=//span[text()='Catalog']}
11:33:15.243 [main] INFO  resources.base - User has clicked on the Domain link from the left navigation menu
11:33:17.895 [main] INFO  resources.base - User has clicked on the Account menu from the Shop Page
11:33:33.580 [main] INFO  resources.base - User has clicked on the Address of Use Link from the Account Menu
11:33:38.749 [main] INFO  resources.base - Address of Use heading is present on the Address Page
11:33:45.936 [main] INFO  resources.base - User has clicked on the Account menu from the Shop Page
11:34:00.275 [main] INFO  resources.base - User has clicked on the users Link from the Account Menu
11:34:02.481 [main] INFO  resources.base - User has clicked on the request tab on the users page
11:34:02.540 [main] INFO  resources.base - After clicking on request tab, the request tab becomes active
11:34:04.654 [main] INFO  resources.base - User has clicked on the Invites tab on the users page
11:34:04.733 [main] INFO  resources.base - After clicking on Invites tab, the Invites tab becomes active
11:34:11.429 [main] INFO  resources.base - User has clicked on the Account menu from the Shop Page
11:34:15.556 [main] INFO  resources.base - User has clicked on the Logout Page from the Account Menu
11:34:21.056 [main] INFO  resources.base - User has clicked on the Forget Password Link from the Login Page
11:34:26.152 [main] INFO  resources.base - Email textbox is present on the Forget password page
11:34:29.904 [main] INFO  resources.base - User has clicked on the submit button on the forget password Page
11:34:29.957 [main] INFO  resources.base - Once the User click on Submit button then the validation message is appearing
11:34:47.576 [main] INFO  resources.base - User Clicked on Create Account Link from the Login Page
11:34:47.622 [main] INFO  resources.base - Signup Page is opended and its title is being captured
11:47:11.649 [main] INFO  resources.base - The title of the home page is captured
11:47:11.649 [main] INFO  resources.base - The title of the Shop page is Verified Successfully
11:47:14.597 [main] INFO  resources.base - From the Home Page User has Clicked on MarkITPlace tab
11:47:14.597 [main] INFO  resources.base - User has routed to the Shop Page after clicking on MarketPlace link
11:47:24.431 [main] INFO  resources.base - User has Clicked on the Manage tab from the Home Dashboard
11:47:24.431 [main] INFO  resources.base - user has routed to the Manage Page after clicking on the manage Tab
11:47:24.490 [main] INFO  resources.base - User has Successfully nevigated to the manage Page
11:47:24.525 [main] INFO  resources.base - Billing & invoice link is present on the Manage Page
11:47:24.602 [main] INFO  resources.base - Calendar link is present on the Manage Page
11:47:24.639 [main] INFO  resources.base - Subscription link is present on the Manage Page
11:47:28.485 [main] INFO  resources.base - User has clicked on the Insight tab from the Home Page
11:47:28.541 [main] INFO  resources.base - After clicking on the Insight Tab from the Home page , User have successfully nevigate to the Insight Page
11:47:28.607 [main] INFO  resources.base - Dashboard Link is present on the Insight Page
11:47:28.632 [main] INFO  resources.base - Report Link is present on the Insight Page
11:47:47.339 [main] INFO  resources.base - User has clicked on the notification link from the Home Page
11:47:47.339 [main] INFO  resources.base - User has routed to the Notification page after clicking on the notification link
11:47:47.410 [main] INFO  resources.base - Notification heading is present on the Notifications page
11:47:47.449 [main] INFO  resources.base - All Notification tab is present on the Notifications page
11:47:47.475 [main] INFO  resources.base - Flagged tab is present on the Notifications page
11:47:50.479 [main] INFO  resources.base - User has clicked on the Logo from the Notification Page
11:47:50.485 [main] INFO  resources.base - After clicking on logo, user has roue to the Homepage
11:47:52.609 [main] INFO  resources.base - User has clicked on the Account menu from the Shop Page
11:48:07.403 [main] INFO  resources.base - User has clicked on the My Profile Page from the Account Menu
11:48:07.537 [main] INFO  resources.base - My Profile heading is present on My Profile Page
11:48:23.753 [main] INFO  resources.base - User has clicked on the Edit Profile button on My Profile Page
11:48:23.828 [main] INFO  resources.base - Edit profile heading is present on the Edit profile page
11:48:25.978 [main] INFO  resources.base - User has clicked on the Account menu from the Shop Page
11:48:47.687 [main] INFO  resources.base - User has clicked on the Change Password Link from the Account Menu
11:48:47.755 [main] INFO  resources.base - Change password heading is present on Change Password Page
11:48:49.908 [main] INFO  resources.base - User has clicked on the Account menu from the Shop Page
11:49:07.926 [main] INFO  resources.base - User has clicked on the Account Setting from the header
11:49:08.073 [main] INFO  resources.base - Account Settings heading is present on Account Settings Page
11:49:24.781 [main] INFO  resources.base - User has clicked on the Catalog Restrictions link from the left navigation menu
11:49:24.914 [main] INFO  resources.base - Catalog Restrictions heading is present on Catalog Page
11:49:38.525 [main] INFO  resources.base - User has clicked on the Domain link from the left navigation menu
11:49:38.679 [main] INFO  resources.base - Manage Domains heading is present on Domain Page
11:49:40.829 [main] INFO  resources.base - User has clicked on the Account menu from the Shop Page
11:49:57.913 [main] INFO  resources.base - User has clicked on the Address of Use Link from the Account Menu
11:50:03.080 [main] INFO  resources.base - Address of Use heading is present on the Address Page
11:50:05.277 [main] INFO  resources.base - User has clicked on the Account menu from the Shop Page
11:50:21.318 [main] INFO  resources.base - User has clicked on the users Link from the Account Menu
11:50:26.549 [main] INFO  resources.base - Tabs are appearing on the Users Page
11:50:28.660 [main] INFO  resources.base - User has clicked on the request tab on the users page
11:50:28.735 [main] INFO  resources.base - After clicking on request tab, the request tab becomes active
11:50:30.852 [main] INFO  resources.base - User has clicked on the Invites tab on the users page
11:50:30.931 [main] INFO  resources.base - After clicking on Invites tab, the Invites tab becomes active
11:50:33.063 [main] INFO  resources.base - User has clicked on the Account menu from the Shop Page
11:50:35.910 [main] INFO  resources.base - User has clicked on the Logout Page from the Account Menu
11:50:36.426 [main] INFO  resources.base - User has clicked on the Forget Password Link from the Login Page
11:50:41.549 [main] INFO  resources.base - Email textbox is present on the Forget password page
11:50:45.306 [main] INFO  resources.base - User has clicked on the submit button on the forget password Page
11:50:45.354 [main] INFO  resources.base - Once the User click on Submit button then the validation message is appearing
11:50:59.001 [main] INFO  resources.base - User Clicked on Create Account Link from the Login Page
11:50:59.065 [main] INFO  resources.base - Signup Page is opended and its title is being captured
11:50:59.127 [main] INFO  resources.base - Email Text Box is present on the Signup Page
11:50:59.246 [main] INFO  resources.base - Verify button is present on the Signup Page and user has clicked on it
11:50:59.280 [main] INFO  resources.base - Once the User pressed the Verify button , Validation message is appearing on the Signup Page
11:45:18.675 [main] INFO  resources.base - The title of the home page is captured
11:45:18.675 [main] INFO  resources.base - The title of the Shop page is Verified Successfully
11:45:21.730 [main] INFO  resources.base - From the Home Page User has Clicked on MarkITPlace tab
11:45:21.730 [main] INFO  resources.base - User has routed to the Shop Page after clicking on MarketPlace link
11:45:28.813 [main] INFO  resources.base - User has Clicked on the Manage tab from the Home Dashboard
11:45:28.813 [main] INFO  resources.base - user has routed to the Manage Page after clicking on the manage Tab
11:45:28.870 [main] INFO  resources.base - User has Successfully nevigated to the manage Page
11:45:28.917 [main] INFO  resources.base - Billing & invoice link is present on the Manage Page
11:45:28.940 [main] INFO  resources.base - Calendar link is present on the Manage Page
11:45:28.966 [main] INFO  resources.base - Subscription link is present on the Manage Page
11:45:32.801 [main] INFO  resources.base - User has clicked on the Insight tab from the Home Page
11:45:32.844 [main] INFO  resources.base - After clicking on the Insight Tab from the Home page , User have successfully nevigate to the Insight Page
11:45:32.888 [main] INFO  resources.base - Dashboard Link is present on the Insight Page
11:45:32.912 [main] INFO  resources.base - Report Link is present on the Insight Page
11:45:48.723 [main] INFO  resources.base - User has clicked on the notification link from the Home Page
11:45:48.723 [main] INFO  resources.base - User has routed to the Notification page after clicking on the notification link
11:45:48.781 [main] INFO  resources.base - Notification heading is present on the Notifications page
11:45:48.800 [main] INFO  resources.base - All Notification tab is present on the Notifications page
11:45:48.825 [main] INFO  resources.base - Flagged tab is present on the Notifications page
11:45:51.868 [main] INFO  resources.base - User has clicked on the Logo from the Notification Page
11:45:51.917 [main] INFO  resources.base - After clicking on logo, user has roue to the Homepage
11:45:54.203 [main] INFO  resources.base - User has clicked on the Account menu from the Shop Page
11:45:54.338 [main] ERROR resources.base - User not able to click on the My Profile Page from the Account Menu
11:45:54.338 [main] ERROR resources.base - Element <a href="http://ccpqa-customerportal.arpatech.com/users/my-profile"> could not be scrolled into view
Build info: version: '3.8.1', revision: '6e95a6684b', time: '2017-12-01T18:33:54.468Z'
System info: host: 'DESKTOP-B75F35K', ip: '192.168.14.216', os.name: 'Windows 10', os.arch: 'amd64', os.version: '10.0', java.version: '1.8.0_171'
Driver info: org.openqa.selenium.firefox.FirefoxDriver
Capabilities {acceptInsecureCerts: true, browserName: firefox, browserVersion: 61.0.1, javascriptEnabled: true, moz:accessibilityChecks: false, moz:headless: false, moz:processID: 2928, moz:profile: C:\Users\bilaw\AppData\Loca..., moz:useNonSpecCompliantPointerOrigin: false, moz:webdriverClick: true, pageLoadStrategy: normal, platform: XP, platformName: XP, platformVersion: 10.0, rotatable: false, timeouts: {implicit: 0, pageLoad: 300000, script: 30000}}
Session ID: 7797bb2c-5aa1-4a65-9825-255d60997876
11:46:14.388 [main] ERROR resources.base - User not able to click on the Edit Profile button on My Profile Page
11:46:14.388 [main] ERROR resources.base - Unable to locate element: //a[@class='btn edit']
For documentation on this error, please visit: http://seleniumhq.org/exceptions/no_such_element.html
Build info: version: '3.8.1', revision: '6e95a6684b', time: '2017-12-01T18:33:54.468Z'
System info: host: 'DESKTOP-B75F35K', ip: '192.168.14.216', os.name: 'Windows 10', os.arch: 'amd64', os.version: '10.0', java.version: '1.8.0_171'
Driver info: org.openqa.selenium.firefox.FirefoxDriver
Capabilities {acceptInsecureCerts: true, browserName: firefox, browserVersion: 61.0.1, javascriptEnabled: true, moz:accessibilityChecks: false, moz:headless: false, moz:processID: 2928, moz:profile: C:\Users\bilaw\AppData\Loca..., moz:useNonSpecCompliantPointerOrigin: false, moz:webdriverClick: true, pageLoadStrategy: normal, platform: XP, platformName: XP, platformVersion: 10.0, rotatable: false, timeouts: {implicit: 0, pageLoad: 300000, script: 30000}}
Session ID: 7797bb2c-5aa1-4a65-9825-255d60997876
*** Element info: {Using=xpath, value=//a[@class='btn edit']}
11:46:16.688 [main] INFO  resources.base - User has clicked on the Account menu from the Shop Page
11:46:16.749 [main] ERROR resources.base - User not able to click on the Change Password Link from the Account Menu
11:46:16.749 [main] ERROR resources.base - Element <a href="http://ccpqa-customerportal.arpatech.com/users/change-password"> could not be scrolled into view
Build info: version: '3.8.1', revision: '6e95a6684b', time: '2017-12-01T18:33:54.468Z'
System info: host: 'DESKTOP-B75F35K', ip: '192.168.14.216', os.name: 'Windows 10', os.arch: 'amd64', os.version: '10.0', java.version: '1.8.0_171'
Driver info: org.openqa.selenium.firefox.FirefoxDriver
Capabilities {acceptInsecureCerts: true, browserName: firefox, browserVersion: 61.0.1, javascriptEnabled: true, moz:accessibilityChecks: false, moz:headless: false, moz:processID: 2928, moz:profile: C:\Users\bilaw\AppData\Loca..., moz:useNonSpecCompliantPointerOrigin: false, moz:webdriverClick: true, pageLoadStrategy: normal, platform: XP, platformName: XP, platformVersion: 10.0, rotatable: false, timeouts: {implicit: 0, pageLoad: 300000, script: 30000}}
Session ID: 7797bb2c-5aa1-4a65-9825-255d60997876
11:46:19.057 [main] INFO  resources.base - User has clicked on the Account menu from the Shop Page
11:46:19.163 [main] ERROR resources.base - User not able to click on the Account Setting from the header
11:46:19.179 [main] ERROR resources.base - Element <a href="http://ccpqa-customerportal.arpatech.com/account/settings"> could not be scrolled into view
Build info: version: '3.8.1', revision: '6e95a6684b', time: '2017-12-01T18:33:54.468Z'
System info: host: 'DESKTOP-B75F35K', ip: '192.168.14.216', os.name: 'Windows 10', os.arch: 'amd64', os.version: '10.0', java.version: '1.8.0_171'
Driver info: org.openqa.selenium.firefox.FirefoxDriver
Capabilities {acceptInsecureCerts: true, browserName: firefox, browserVersion: 61.0.1, javascriptEnabled: true, moz:accessibilityChecks: false, moz:headless: false, moz:processID: 2928, moz:profile: C:\Users\bilaw\AppData\Loca..., moz:useNonSpecCompliantPointerOrigin: false, moz:webdriverClick: true, pageLoadStrategy: normal, platform: XP, platformName: XP, platformVersion: 10.0, rotatable: false, timeouts: {implicit: 0, pageLoad: 300000, script: 30000}}
Session ID: 7797bb2c-5aa1-4a65-9825-255d60997876
11:46:39.216 [main] ERROR resources.base - User not able to click on the Catalog Restrictions link from the left navigation menu
11:46:39.216 [main] ERROR resources.base - Unable to locate element: (//a[text()='Catalog Restrictions'])[3]
For documentation on this error, please visit: http://seleniumhq.org/exceptions/no_such_element.html
Build info: version: '3.8.1', revision: '6e95a6684b', time: '2017-12-01T18:33:54.468Z'
System info: host: 'DESKTOP-B75F35K', ip: '192.168.14.216', os.name: 'Windows 10', os.arch: 'amd64', os.version: '10.0', java.version: '1.8.0_171'
Driver info: org.openqa.selenium.firefox.FirefoxDriver
Capabilities {acceptInsecureCerts: true, browserName: firefox, browserVersion: 61.0.1, javascriptEnabled: true, moz:accessibilityChecks: false, moz:headless: false, moz:processID: 2928, moz:profile: C:\Users\bilaw\AppData\Loca..., moz:useNonSpecCompliantPointerOrigin: false, moz:webdriverClick: true, pageLoadStrategy: normal, platform: XP, platformName: XP, platformVersion: 10.0, rotatable: false, timeouts: {implicit: 0, pageLoad: 300000, script: 30000}}
Session ID: 7797bb2c-5aa1-4a65-9825-255d60997876
*** Element info: {Using=xpath, value=(//a[text()='Catalog Restrictions'])[3]}
11:46:59.289 [main] ERROR resources.base - User not able to click on the Domain Link link from the left navigation menu
11:46:59.289 [main] ERROR resources.base - Unable to locate element: (//a[text()='Manage Domains'])[3]
For documentation on this error, please visit: http://seleniumhq.org/exceptions/no_such_element.html
Build info: version: '3.8.1', revision: '6e95a6684b', time: '2017-12-01T18:33:54.468Z'
System info: host: 'DESKTOP-B75F35K', ip: '192.168.14.216', os.name: 'Windows 10', os.arch: 'amd64', os.version: '10.0', java.version: '1.8.0_171'
Driver info: org.openqa.selenium.firefox.FirefoxDriver
Capabilities {acceptInsecureCerts: true, browserName: firefox, browserVersion: 61.0.1, javascriptEnabled: true, moz:accessibilityChecks: false, moz:headless: false, moz:processID: 2928, moz:profile: C:\Users\bilaw\AppData\Loca..., moz:useNonSpecCompliantPointerOrigin: false, moz:webdriverClick: true, pageLoadStrategy: normal, platform: XP, platformName: XP, platformVersion: 10.0, rotatable: false, timeouts: {implicit: 0, pageLoad: 300000, script: 30000}}
Session ID: 7797bb2c-5aa1-4a65-9825-255d60997876
*** Element info: {Using=xpath, value=(//a[text()='Manage Domains'])[3]}
11:47:01.571 [main] INFO  resources.base - User has clicked on the Account menu from the Shop Page
11:47:01.687 [main] ERROR resources.base - User not able to click on the Address of Use Link from the Account Menu
11:47:01.687 [main] ERROR resources.base - Element <a href="http://ccpqa-customerportal.arpatech.com/account/address-of-use"> could not be scrolled into view
Build info: version: '3.8.1', revision: '6e95a6684b', time: '2017-12-01T18:33:54.468Z'
System info: host: 'DESKTOP-B75F35K', ip: '192.168.14.216', os.name: 'Windows 10', os.arch: 'amd64', os.version: '10.0', java.version: '1.8.0_171'
Driver info: org.openqa.selenium.firefox.FirefoxDriver
Capabilities {acceptInsecureCerts: true, browserName: firefox, browserVersion: 61.0.1, javascriptEnabled: true, moz:accessibilityChecks: false, moz:headless: false, moz:processID: 2928, moz:profile: C:\Users\bilaw\AppData\Loca..., moz:useNonSpecCompliantPointerOrigin: false, moz:webdriverClick: true, pageLoadStrategy: normal, platform: XP, platformName: XP, platformVersion: 10.0, rotatable: false, timeouts: {implicit: 0, pageLoad: 300000, script: 30000}}
Session ID: 7797bb2c-5aa1-4a65-9825-255d60997876
11:47:03.992 [main] INFO  resources.base - User has clicked on the Account menu from the Shop Page
11:47:04.079 [main] ERROR resources.base - User not able to click on the users link from the Account Menu
11:47:04.079 [main] ERROR resources.base - Element <a href="http://ccpqa-customerportal.arpatech.com/users"> could not be scrolled into view
Build info: version: '3.8.1', revision: '6e95a6684b', time: '2017-12-01T18:33:54.468Z'
System info: host: 'DESKTOP-B75F35K', ip: '192.168.14.216', os.name: 'Windows 10', os.arch: 'amd64', os.version: '10.0', java.version: '1.8.0_171'
Driver info: org.openqa.selenium.firefox.FirefoxDriver
Capabilities {acceptInsecureCerts: true, browserName: firefox, browserVersion: 61.0.1, javascriptEnabled: true, moz:accessibilityChecks: false, moz:headless: false, moz:processID: 2928, moz:profile: C:\Users\bilaw\AppData\Loca..., moz:useNonSpecCompliantPointerOrigin: false, moz:webdriverClick: true, pageLoadStrategy: normal, platform: XP, platformName: XP, platformVersion: 10.0, rotatable: false, timeouts: {implicit: 0, pageLoad: 300000, script: 30000}}
Session ID: 7797bb2c-5aa1-4a65-9825-255d60997876
11:47:24.116 [main] ERROR resources.base - User not able to click on request tab on the users page
11:47:24.116 [main] ERROR resources.base - Unable to locate element: //a[text()='Requests ']
For documentation on this error, please visit: http://seleniumhq.org/exceptions/no_such_element.html
Build info: version: '3.8.1', revision: '6e95a6684b', time: '2017-12-01T18:33:54.468Z'
System info: host: 'DESKTOP-B75F35K', ip: '192.168.14.216', os.name: 'Windows 10', os.arch: 'amd64', os.version: '10.0', java.version: '1.8.0_171'
Driver info: org.openqa.selenium.firefox.FirefoxDriver
Capabilities {acceptInsecureCerts: true, browserName: firefox, browserVersion: 61.0.1, javascriptEnabled: true, moz:accessibilityChecks: false, moz:headless: false, moz:processID: 2928, moz:profile: C:\Users\bilaw\AppData\Loca..., moz:useNonSpecCompliantPointerOrigin: false, moz:webdriverClick: true, pageLoadStrategy: normal, platform: XP, platformName: XP, platformVersion: 10.0, rotatable: false, timeouts: {implicit: 0, pageLoad: 300000, script: 30000}}
Session ID: 7797bb2c-5aa1-4a65-9825-255d60997876
*** Element info: {Using=xpath, value=//a[text()='Requests ']}
11:47:44.154 [main] ERROR resources.base - User not able to click on Invites tab on the users page
11:47:44.154 [main] ERROR resources.base - Unable to locate element: //a[text()='Invites ']
For documentation on this error, please visit: http://seleniumhq.org/exceptions/no_such_element.html
Build info: version: '3.8.1', revision: '6e95a6684b', time: '2017-12-01T18:33:54.468Z'
System info: host: 'DESKTOP-B75F35K', ip: '192.168.14.216', os.name: 'Windows 10', os.arch: 'amd64', os.version: '10.0', java.version: '1.8.0_171'
Driver info: org.openqa.selenium.firefox.FirefoxDriver
Capabilities {acceptInsecureCerts: true, browserName: firefox, browserVersion: 61.0.1, javascriptEnabled: true, moz:accessibilityChecks: false, moz:headless: false, moz:processID: 2928, moz:profile: C:\Users\bilaw\AppData\Loca..., moz:useNonSpecCompliantPointerOrigin: false, moz:webdriverClick: true, pageLoadStrategy: normal, platform: XP, platformName: XP, platformVersion: 10.0, rotatable: false, timeouts: {implicit: 0, pageLoad: 300000, script: 30000}}
Session ID: 7797bb2c-5aa1-4a65-9825-255d60997876
*** Element info: {Using=xpath, value=//a[text()='Invites ']}
11:47:46.422 [main] INFO  resources.base - User has clicked on the Account menu from the Shop Page
11:47:46.503 [main] ERROR resources.base - User not able to click on the Logout Page from the Account Menu
11:47:46.503 [main] ERROR resources.base - Element <a href="http://ccpqa-customerportal.arpatech.com/auth/logout"> could not be scrolled into view
Build info: version: '3.8.1', revision: '6e95a6684b', time: '2017-12-01T18:33:54.468Z'
System info: host: 'DESKTOP-B75F35K', ip: '192.168.14.216', os.name: 'Windows 10', os.arch: 'amd64', os.version: '10.0', java.version: '1.8.0_171'
Driver info: org.openqa.selenium.firefox.FirefoxDriver
Capabilities {acceptInsecureCerts: true, browserName: firefox, browserVersion: 61.0.1, javascriptEnabled: true, moz:accessibilityChecks: false, moz:headless: false, moz:processID: 2928, moz:profile: C:\Users\bilaw\AppData\Loca..., moz:useNonSpecCompliantPointerOrigin: false, moz:webdriverClick: true, pageLoadStrategy: normal, platform: XP, platformName: XP, platformVersion: 10.0, rotatable: false, timeouts: {implicit: 0, pageLoad: 300000, script: 30000}}
Session ID: 7797bb2c-5aa1-4a65-9825-255d60997876
11:48:06.541 [main] ERROR resources.base - User not able to find the Forget Password Link on the Login Page
11:48:06.541 [main] ERROR resources.base - Unable to locate element: //a[@id='forgetUrl']
For documentation on this error, please visit: http://seleniumhq.org/exceptions/no_such_element.html
Build info: version: '3.8.1', revision: '6e95a6684b', time: '2017-12-01T18:33:54.468Z'
System info: host: 'DESKTOP-B75F35K', ip: '192.168.14.216', os.name: 'Windows 10', os.arch: 'amd64', os.version: '10.0', java.version: '1.8.0_171'
Driver info: org.openqa.selenium.firefox.FirefoxDriver
Capabilities {acceptInsecureCerts: true, browserName: firefox, browserVersion: 61.0.1, javascriptEnabled: true, moz:accessibilityChecks: false, moz:headless: false, moz:processID: 2928, moz:profile: C:\Users\bilaw\AppData\Loca..., moz:useNonSpecCompliantPointerOrigin: false, moz:webdriverClick: true, pageLoadStrategy: normal, platform: XP, platformName: XP, platformVersion: 10.0, rotatable: false, timeouts: {implicit: 0, pageLoad: 300000, script: 30000}}
Session ID: 7797bb2c-5aa1-4a65-9825-255d60997876
*** Element info: {Using=xpath, value=//a[@id='forgetUrl']}
11:48:29.245 [main] ERROR resources.base - User not able to find Create Account Link on the Login Page , hence not able to click it
11:48:29.245 [main] ERROR resources.base - Unable to locate element: //a[text()='Create Account']
For documentation on this error, please visit: http://seleniumhq.org/exceptions/no_such_element.html
Build info: version: '3.8.1', revision: '6e95a6684b', time: '2017-12-01T18:33:54.468Z'
System info: host: 'DESKTOP-B75F35K', ip: '192.168.14.216', os.name: 'Windows 10', os.arch: 'amd64', os.version: '10.0', java.version: '1.8.0_171'
Driver info: org.openqa.selenium.firefox.FirefoxDriver
Capabilities {acceptInsecureCerts: true, browserName: firefox, browserVersion: 61.0.1, javascriptEnabled: true, moz:accessibilityChecks: false, moz:headless: false, moz:processID: 2928, moz:profile: C:\Users\bilaw\AppData\Loca..., moz:useNonSpecCompliantPointerOrigin: false, moz:webdriverClick: true, pageLoadStrategy: normal, platform: XP, platformName: XP, platformVersion: 10.0, rotatable: false, timeouts: {implicit: 0, pageLoad: 300000, script: 30000}}
Session ID: 7797bb2c-5aa1-4a65-9825-255d60997876
*** Element info: {Using=xpath, value=//a[text()='Create Account']}
11:50:36.380 [main] INFO  resources.base - The title of the home page is captured
11:50:36.380 [main] INFO  resources.base - The title of the Shop page is Verified Successfully
11:50:39.688 [main] INFO  resources.base - From the Home Page User has Clicked on MarkITPlace tab
11:50:39.688 [main] INFO  resources.base - User has routed to the Shop Page after clicking on MarketPlace link
11:50:49.111 [main] INFO  resources.base - User has Clicked on the Manage tab from the Home Dashboard
11:50:49.111 [main] INFO  resources.base - user has routed to the Manage Page after clicking on the manage Tab
11:50:49.152 [main] INFO  resources.base - User has Successfully nevigated to the manage Page
11:50:49.213 [main] INFO  resources.base - Billing & invoice link is present on the Manage Page
11:50:49.305 [main] INFO  resources.base - Calendar link is present on the Manage Page
11:50:49.329 [main] INFO  resources.base - Subscription link is present on the Manage Page
11:50:53.217 [main] INFO  resources.base - User has clicked on the Insight tab from the Home Page
11:50:53.290 [main] INFO  resources.base - After clicking on the Insight Tab from the Home page , User have successfully nevigate to the Insight Page
11:50:53.336 [main] INFO  resources.base - Dashboard Link is present on the Insight Page
11:50:53.364 [main] INFO  resources.base - Report Link is present on the Insight Page
11:51:09.484 [main] INFO  resources.base - User has clicked on the notification link from the Home Page
11:51:09.484 [main] INFO  resources.base - User has routed to the Notification page after clicking on the notification link
11:51:09.562 [main] INFO  resources.base - Notification heading is present on the Notifications page
11:51:09.610 [main] INFO  resources.base - All Notification tab is present on the Notifications page
11:51:09.640 [main] INFO  resources.base - Flagged tab is present on the Notifications page
11:51:12.762 [main] INFO  resources.base - User has clicked on the Logo from the Notification Page
11:51:12.835 [main] INFO  resources.base - After clicking on logo, user has roue to the Homepage
11:51:14.951 [main] INFO  resources.base - User has clicked on the Account menu from the Shop Page
11:51:34.751 [main] INFO  resources.base - User has clicked on the My Profile Page from the Account Menu
11:51:34.906 [main] INFO  resources.base - My Profile heading is present on My Profile Page
11:51:56.571 [main] INFO  resources.base - User has clicked on the Edit Profile button on My Profile Page
11:51:56.734 [main] INFO  resources.base - Edit profile heading is present on the Edit profile page
11:51:58.867 [main] INFO  resources.base - User has clicked on the Account menu from the Shop Page
11:52:18.189 [main] INFO  resources.base - User has clicked on the Change Password Link from the Account Menu
11:52:18.297 [main] INFO  resources.base - Change password heading is present on Change Password Page
11:52:20.425 [main] INFO  resources.base - User has clicked on the Account menu from the Shop Page
11:52:32.861 [main] INFO  resources.base - User has clicked on the Account Setting from the header
11:52:32.999 [main] INFO  resources.base - Account Settings heading is present on Account Settings Page
11:52:46.112 [main] INFO  resources.base - User has clicked on the Catalog Restrictions link from the left navigation menu
11:52:46.240 [main] INFO  resources.base - Catalog Restrictions heading is present on Catalog Page
11:53:04.902 [main] INFO  resources.base - User has clicked on the Domain link from the left navigation menu
11:53:05.018 [main] INFO  resources.base - Manage Domains heading is present on Domain Page
11:53:07.166 [main] INFO  resources.base - User has clicked on the Account menu from the Shop Page
11:53:28.462 [main] INFO  resources.base - User has clicked on the Address of Use Link from the Account Menu
11:53:33.531 [main] INFO  resources.base - Address of Use heading is present on the Address Page
11:53:35.685 [main] INFO  resources.base - User has clicked on the Account menu from the Shop Page
11:53:50.779 [main] INFO  resources.base - User has clicked on the users Link from the Account Menu
11:53:55.973 [main] INFO  resources.base - Tabs are appearing on the Users Page
11:53:58.105 [main] INFO  resources.base - User has clicked on the request tab on the users page
11:53:58.205 [main] INFO  resources.base - After clicking on request tab, the request tab becomes active
11:54:00.340 [main] INFO  resources.base - User has clicked on the Invites tab on the users page
11:54:00.445 [main] INFO  resources.base - After clicking on Invites tab, the Invites tab becomes active
11:54:02.567 [main] INFO  resources.base - User has clicked on the Account menu from the Shop Page
11:54:05.389 [main] INFO  resources.base - User has clicked on the Logout Page from the Account Menu
11:54:05.885 [main] INFO  resources.base - User has clicked on the Forget Password Link from the Login Page
11:54:11.000 [main] INFO  resources.base - Email textbox is present on the Forget password page
11:54:14.765 [main] INFO  resources.base - User has clicked on the submit button on the forget password Page
11:54:14.834 [main] INFO  resources.base - Once the User click on Submit button then the validation message is appearing
11:54:31.355 [main] INFO  resources.base - User Clicked on Create Account Link from the Login Page
11:54:31.408 [main] INFO  resources.base - Signup Page is opended and its title is being captured
11:54:31.474 [main] INFO  resources.base - Email Text Box is present on the Signup Page
11:54:31.579 [main] INFO  resources.base - Verify button is present on the Signup Page and user has clicked on it
11:54:31.603 [main] INFO  resources.base - Once the User pressed the Verify button , Validation message is appearing on the Signup Page
13:32:49.606 [main] INFO  resources.base - The title of the home page is captured
13:32:49.606 [main] INFO  resources.base - The title of the Shop page is Verified Successfully
13:32:53.326 [main] INFO  resources.base - From the Home Page User has Clicked on MarkITPlace tab
13:32:53.326 [main] INFO  resources.base - User has routed to the Shop Page after clicking on MarketPlace link
13:33:04.142 [main] INFO  resources.base - User has Clicked on the Manage tab from the Home Dashboard
13:33:04.142 [main] INFO  resources.base - user has routed to the Manage Page after clicking on the manage Tab
13:33:04.200 [main] INFO  resources.base - User has Successfully nevigated to the manage Page
13:33:04.265 [main] INFO  resources.base - Billing & invoice link is present on the Manage Page
13:33:04.311 [main] INFO  resources.base - Calendar link is present on the Manage Page
13:33:04.351 [main] INFO  resources.base - Subscription link is present on the Manage Page
13:33:08.452 [main] INFO  resources.base - User has clicked on the Insight tab from the Home Page
13:33:08.508 [main] INFO  resources.base - After clicking on the Insight Tab from the Home page , User have successfully nevigate to the Insight Page
13:33:08.548 [main] INFO  resources.base - Dashboard Link is present on the Insight Page
13:33:08.591 [main] INFO  resources.base - Report Link is present on the Insight Page
13:33:31.693 [main] INFO  resources.base - User has clicked on the notification link from the Home Page
13:33:31.693 [main] INFO  resources.base - User has routed to the Notification page after clicking on the notification link
13:33:31.751 [main] INFO  resources.base - Notification heading is present on the Notifications page
13:33:31.771 [main] INFO  resources.base - All Notification tab is present on the Notifications page
13:33:31.791 [main] INFO  resources.base - Flagged tab is present on the Notifications page
13:33:34.926 [main] INFO  resources.base - User has clicked on the Logo from the Notification Page
13:33:34.983 [main] INFO  resources.base - After clicking on logo, user has roue to the Homepage
13:33:37.148 [main] INFO  resources.base - User has clicked on the Account menu from the Shop Page
13:33:56.925 [main] INFO  resources.base - User has clicked on the My Profile Page from the Account Menu
13:33:57.049 [main] INFO  resources.base - My Profile heading is present on My Profile Page
13:34:21.424 [main] INFO  resources.base - User has clicked on the Edit Profile button on My Profile Page
13:34:21.575 [main] INFO  resources.base - Edit profile heading is present on the Edit profile page
13:34:23.721 [main] INFO  resources.base - User has clicked on the Account menu from the Shop Page
13:34:42.580 [main] INFO  resources.base - User has clicked on the Change Password Link from the Account Menu
13:34:42.726 [main] INFO  resources.base - Change password heading is present on Change Password Page
13:34:44.865 [main] INFO  resources.base - User has clicked on the Account menu from the Shop Page
13:35:03.119 [main] INFO  resources.base - User has clicked on the Account Setting from the header
13:35:03.229 [main] INFO  resources.base - Account Settings heading is present on Account Settings Page
13:35:21.560 [main] INFO  resources.base - User has clicked on the Catalog Restrictions link from the left navigation menu
13:35:21.737 [main] INFO  resources.base - Catalog Restrictions heading is present on Catalog Page
13:35:40.722 [main] INFO  resources.base - User has clicked on the Domain link from the left navigation menu
13:35:40.838 [main] INFO  resources.base - Manage Domains heading is present on Domain Page
13:35:42.983 [main] INFO  resources.base - User has clicked on the Account menu from the Shop Page
13:36:01.798 [main] INFO  resources.base - User has clicked on the Address of Use Link from the Account Menu
13:36:06.946 [main] INFO  resources.base - Address of Use heading is present on the Address Page
13:36:09.106 [main] INFO  resources.base - User has clicked on the Account menu from the Shop Page
13:36:24.848 [main] INFO  resources.base - User has clicked on the users Link from the Account Menu
13:36:29.942 [main] INFO  resources.base - Tabs are appearing on the Users Page
13:36:32.096 [main] INFO  resources.base - User has clicked on the request tab on the users page
13:36:32.153 [main] INFO  resources.base - After clicking on request tab, the request tab becomes active
13:36:34.246 [main] INFO  resources.base - User has clicked on the Invites tab on the users page
13:36:34.361 [main] INFO  resources.base - After clicking on Invites tab, the Invites tab becomes active
13:36:36.464 [main] INFO  resources.base - User has clicked on the Account menu from the Shop Page
13:36:39.375 [main] INFO  resources.base - User has clicked on the Logout Page from the Account Menu
13:36:39.894 [main] INFO  resources.base - User has clicked on the Forget Password Link from the Login Page
13:36:44.934 [main] INFO  resources.base - Email textbox is present on the Forget password page
13:36:48.711 [main] INFO  resources.base - User has clicked on the submit button on the forget password Page
13:36:48.792 [main] INFO  resources.base - Once the User click on Submit button then the validation message is appearing
13:37:03.352 [main] INFO  resources.base - User Clicked on Create Account Link from the Login Page
13:37:03.416 [main] INFO  resources.base - Signup Page is opended and its title is being captured
13:37:03.479 [main] INFO  resources.base - Email Text Box is present on the Signup Page
13:37:03.592 [main] INFO  resources.base - Verify button is present on the Signup Page and user has clicked on it
13:37:03.614 [main] INFO  resources.base - Once the User pressed the Verify button , Validation message is appearing on the Signup Page
10:03:35.872 [main] INFO  resources.base - The title of the home page is captured
10:11:23.621 [main] INFO  resources.base - The title of the home page is captured
10:11:23.647 [main] INFO  resources.base - The title of the home is Verified Successfully
10:11:26.907 [main] INFO  resources.base - From the Home Page User has Clicked on MarkITPlace tab
10:11:26.907 [main] INFO  resources.base - User has routed to the Shop Page after clicking on MarketPlace link
10:11:35.603 [main] INFO  resources.base - User has Clicked on the Manage tab from the Home Dashboard
10:11:35.603 [main] INFO  resources.base - user has routed to the Manage Page after clicking on the manage Tab
10:11:35.619 [main] INFO  resources.base - User has Successfully nevigated to the manage Page
10:11:35.644 [main] INFO  resources.base - Billing & invoice link is present on the Manage Page
10:11:35.712 [main] INFO  resources.base - Calendar link is present on the Manage Page
10:11:35.744 [main] INFO  resources.base - Subscription link is present on the Manage Page
10:11:39.707 [main] INFO  resources.base - User has clicked on the Insight tab from the Home Page
10:11:39.777 [main] INFO  resources.base - After clicking on the Insight Tab from the Home page , User have successfully nevigate to the Insight Page
10:11:39.825 [main] INFO  resources.base - Dashboard Link is present on the Insight Page
10:11:39.866 [main] INFO  resources.base - Report Link is present on the Insight Page
10:12:00.301 [main] INFO  resources.base - User has clicked on the notification link from the Home Page
10:12:00.301 [main] INFO  resources.base - User has routed to the Notification page after clicking on the notification link
10:12:00.306 [main] INFO  resources.base - Notification heading is present on the Notifications page
10:12:00.342 [main] INFO  resources.base - All Notification tab is present on the Notifications page
10:12:00.363 [main] INFO  resources.base - Flagged tab is present on the Notifications page
10:12:03.779 [main] INFO  resources.base - User has clicked on the Logo from the Notification Page
10:12:06.008 [main] INFO  resources.base - User has clicked on the Account menu from the Shop Page
10:12:26.105 [main] INFO  resources.base - User has clicked on the My Profile Page from the Account Menu
10:12:26.232 [main] INFO  resources.base - My Profile heading is present on My Profile Page
10:12:47.695 [main] INFO  resources.base - User has clicked on the Edit Profile button on My Profile Page
10:12:47.818 [main] INFO  resources.base - Edit profile heading is present on the Edit profile page
10:12:49.957 [main] INFO  resources.base - User has clicked on the Account menu from the Shop Page
10:13:10.867 [main] INFO  resources.base - User has clicked on the Change Password Link from the Account Menu
10:13:10.970 [main] INFO  resources.base - Change password heading is present on Change Password Page
10:13:13.126 [main] INFO  resources.base - User has clicked on the Account menu from the Shop Page
10:13:33.401 [main] ERROR resources.base - User not able to click on the Account Setting from the header
10:13:33.401 [main] ERROR resources.base - no such element: Unable to locate element: {"method":"xpath","selector":"(//a[text()='Account Settings'])[1]"}
  (Session info: chrome=70.0.3538.102)
  (Driver info: chromedriver=2.36.540470 (e522d04694c7ebea4ba8821272dbef4f9b818c91),platform=Windows NT 10.0.17134 x86_64) (WARNING: The server did not provide any stacktrace information)
Command duration or timeout: 0 milliseconds
For documentation on this error, please visit: http://seleniumhq.org/exceptions/no_such_element.html
Build info: version: '3.8.1', revision: '6e95a6684b', time: '2017-12-01T18:33:54.468Z'
System info: host: 'DESKTOP-B75F35K', ip: '192.168.14.216', os.name: 'Windows 10', os.arch: 'amd64', os.version: '10.0', java.version: '1.8.0_171'
Driver info: org.openqa.selenium.chrome.ChromeDriver
Capabilities {acceptInsecureCerts: false, acceptSslCerts: false, applicationCacheEnabled: false, browserConnectionEnabled: false, browserName: chrome, chrome: {chromedriverVersion: 2.36.540470 (e522d04694c7eb..., userDataDir: C:\Users\bilaw\AppData\Loca...}, cssSelectorsEnabled: true, databaseEnabled: false, handlesAlerts: true, hasTouchScreen: false, javascriptEnabled: true, locationContextEnabled: true, mobileEmulationEnabled: false, nativeEvents: true, networkConnectionEnabled: false, pageLoadStrategy: normal, platform: XP, platformName: XP, rotatable: false, setWindowRect: true, takesHeapSnapshot: true, takesScreenshot: true, unexpectedAlertBehaviour: , unhandledPromptBehavior: , version: 70.0.3538.102, webStorageEnabled: true}
Session ID: 0a6d689a96c2dba0a7193b20fb822ef9
*** Element info: {Using=xpath, value=(//a[text()='Account Settings'])[1]}
10:13:44.704 [main] INFO  resources.base - User has clicked on the Catalog Restrictions link from the left navigation menu
10:13:44.879 [main] INFO  resources.base - Catalog Restrictions heading is present on Catalog Page
10:13:59.065 [main] INFO  resources.base - User has clicked on the Domain link from the left navigation menu
10:13:59.145 [main] INFO  resources.base - Manage Domains heading is present on Domain Page
10:14:01.305 [main] INFO  resources.base - User has clicked on the Account menu from the Shop Page
10:14:21.427 [main] ERROR resources.base - User not able to click on the Address of Use Link from the Account Menu
10:14:21.427 [main] ERROR resources.base - no such element: Unable to locate element: {"method":"xpath","selector":"//div[@class='account-menu']//a[text()='Address Of Use']"}
  (Session info: chrome=70.0.3538.102)
  (Driver info: chromedriver=2.36.540470 (e522d04694c7ebea4ba8821272dbef4f9b818c91),platform=Windows NT 10.0.17134 x86_64) (WARNING: The server did not provide any stacktrace information)
Command duration or timeout: 0 milliseconds
For documentation on this error, please visit: http://seleniumhq.org/exceptions/no_such_element.html
Build info: version: '3.8.1', revision: '6e95a6684b', time: '2017-12-01T18:33:54.468Z'
System info: host: 'DESKTOP-B75F35K', ip: '192.168.14.216', os.name: 'Windows 10', os.arch: 'amd64', os.version: '10.0', java.version: '1.8.0_171'
Driver info: org.openqa.selenium.chrome.ChromeDriver
Capabilities {acceptInsecureCerts: false, acceptSslCerts: false, applicationCacheEnabled: false, browserConnectionEnabled: false, browserName: chrome, chrome: {chromedriverVersion: 2.36.540470 (e522d04694c7eb..., userDataDir: C:\Users\bilaw\AppData\Loca...}, cssSelectorsEnabled: true, databaseEnabled: false, handlesAlerts: true, hasTouchScreen: false, javascriptEnabled: true, locationContextEnabled: true, mobileEmulationEnabled: false, nativeEvents: true, networkConnectionEnabled: false, pageLoadStrategy: normal, platform: XP, platformName: XP, rotatable: false, setWindowRect: true, takesHeapSnapshot: true, takesScreenshot: true, unexpectedAlertBehaviour: , unhandledPromptBehavior: , version: 70.0.3538.102, webStorageEnabled: true}
Session ID: 0a6d689a96c2dba0a7193b20fb822ef9
*** Element info: {Using=xpath, value=//div[@class='account-menu']//a[text()='Address Of Use']}
10:14:23.544 [main] INFO  resources.base - User has clicked on the Account menu from the Shop Page
10:14:39.560 [main] INFO  resources.base - User has clicked on the users Link from the Account Menu
10:14:44.775 [main] INFO  resources.base - Tabs are appearing on the Users Page
10:14:46.937 [main] INFO  resources.base - User has clicked on the request tab on the users page
10:14:46.972 [main] INFO  resources.base - After clicking on request tab, the request tab becomes active
10:14:49.064 [main] INFO  resources.base - User has clicked on the Invites tab on the users page
10:14:53.227 [main] ERROR resources.base - After clicking on Invites tab, the Invites tab has not become active
10:14:53.227 [main] ERROR resources.base - chrome not reachable
  (Session info: chrome=70.0.3538.102)
  (Driver info: chromedriver=2.36.540470 (e522d04694c7ebea4ba8821272dbef4f9b818c91),platform=Windows NT 10.0.17134 x86_64) (WARNING: The server did not provide any stacktrace information)
Command duration or timeout: 0 milliseconds
Build info: version: '3.8.1', revision: '6e95a6684b', time: '2017-12-01T18:33:54.468Z'
System info: host: 'DESKTOP-B75F35K', ip: '192.168.14.216', os.name: 'Windows 10', os.arch: 'amd64', os.version: '10.0', java.version: '1.8.0_171'
Driver info: org.openqa.selenium.chrome.ChromeDriver
Capabilities {acceptInsecureCerts: false, acceptSslCerts: false, applicationCacheEnabled: false, browserConnectionEnabled: false, browserName: chrome, chrome: {chromedriverVersion: 2.36.540470 (e522d04694c7eb..., userDataDir: C:\Users\bilaw\AppData\Loca...}, cssSelectorsEnabled: true, databaseEnabled: false, handlesAlerts: true, hasTouchScreen: false, javascriptEnabled: true, locationContextEnabled: true, mobileEmulationEnabled: false, nativeEvents: true, networkConnectionEnabled: false, pageLoadStrategy: normal, platform: XP, platformName: XP, rotatable: false, setWindowRect: true, takesHeapSnapshot: true, takesScreenshot: true, unexpectedAlertBehaviour: , unhandledPromptBehavior: , version: 70.0.3538.102, webStorageEnabled: true}
Session ID: 0a6d689a96c2dba0a7193b20fb822ef9
*** Element info: {Using=xpath, value=//a[@href='#invites' and @class = 'active show']}
10:14:57.390 [main] ERROR resources.base - User not able to find the account menu on the Home Page
10:14:57.390 [main] ERROR resources.base - chrome not reachable
  (Session info: chrome=70.0.3538.102)
  (Driver info: chromedriver=2.36.540470 (e522d04694c7ebea4ba8821272dbef4f9b818c91),platform=Windows NT 10.0.17134 x86_64) (WARNING: The server did not provide any stacktrace information)
Command duration or timeout: 0 milliseconds
Build info: version: '3.8.1', revision: '6e95a6684b', time: '2017-12-01T18:33:54.468Z'
System info: host: 'DESKTOP-B75F35K', ip: '192.168.14.216', os.name: 'Windows 10', os.arch: 'amd64', os.version: '10.0', java.version: '1.8.0_171'
Driver info: org.openqa.selenium.chrome.ChromeDriver
Capabilities {acceptInsecureCerts: false, acceptSslCerts: false, applicationCacheEnabled: false, browserConnectionEnabled: false, browserName: chrome, chrome: {chromedriverVersion: 2.36.540470 (e522d04694c7eb..., userDataDir: C:\Users\bilaw\AppData\Loca...}, cssSelectorsEnabled: true, databaseEnabled: false, handlesAlerts: true, hasTouchScreen: false, javascriptEnabled: true, locationContextEnabled: true, mobileEmulationEnabled: false, nativeEvents: true, networkConnectionEnabled: false, pageLoadStrategy: normal, platform: XP, platformName: XP, rotatable: false, setWindowRect: true, takesHeapSnapshot: true, takesScreenshot: true, unexpectedAlertBehaviour: , unhandledPromptBehavior: , version: 70.0.3538.102, webStorageEnabled: true}
Session ID: 0a6d689a96c2dba0a7193b20fb822ef9
*** Element info: {Using=xpath, value=(//span[@class='account-title' and text()='My Account '])[1]}
