10:18:29.062 [main] INFO  resources.base - User is clicking on catalog tab from the header of the Page
10:18:29.330 [main] INFO  resources.base - User is clicking on export button from the Provider Page
10:18:29.459 [main] INFO  resources.base - User is clicking on cancel button from the export provider popup
10:18:34.606 [main] INFO  resources.base - User is cliking on edit provider dropdown icon of 1st record on Provider's page
10:18:39.517 [main] INFO  resources.base - User is cliking on edit Provider of 1st record on provider's page
10:19:08.033 [main] ERROR resources.base - Dropdown arrow or Edit providor dropdown option is not appearing on provider's page
10:19:08.033 [main] ERROR resources.base - no such element: Unable to locate element: {"method":"xpath","selector":"//a[text()='Cancel']"}
  (Session info: chrome=74.0.3729.169)
  (Driver info: chromedriver=2.36.540470 (e522d04694c7ebea4ba8821272dbef4f9b818c91),platform=Windows NT 10.0.17134 x86_64) (WARNING: The server did not provide any stacktrace information)
Command duration or timeout: 0 milliseconds
For documentation on this error, please visit: http://seleniumhq.org/exceptions/no_such_element.html
Build info: version: '3.8.1', revision: '6e95a6684b', time: '2017-12-01T18:33:54.468Z'
System info: host: 'DESKTOP-B75F35K', ip: '192.168.14.216', os.name: 'Windows 10', os.arch: 'amd64', os.version: '10.0', java.version: '1.8.0_171'
Driver info: org.openqa.selenium.chrome.ChromeDriver
Capabilities {acceptInsecureCerts: false, acceptSslCerts: false, applicationCacheEnabled: false, browserConnectionEnabled: false, browserName: chrome, chrome: {chromedriverVersion: 2.36.540470 (e522d04694c7eb..., userDataDir: C:\Users\bilaw\AppData\Loca...}, cssSelectorsEnabled: true, databaseEnabled: false, handlesAlerts: true, hasTouchScreen: false, javascriptEnabled: true, locationContextEnabled: true, mobileEmulationEnabled: false, nativeEvents: true, networkConnectionEnabled: false, pageLoadStrategy: normal, platform: XP, platformName: XP, rotatable: false, setWindowRect: true, takesHeapSnapshot: true, takesScreenshot: true, unexpectedAlertBehaviour: , unhandledPromptBehavior: , version: 74.0.3729.169, webStorageEnabled: true}
Session ID: e143ce4b2b8503677df2aa80f617ab1b
*** Element info: {Using=xpath, value=//a[text()='Cancel']}
10:19:15.908 [main] INFO  resources.base - User is clicking on ADD PROVIDER button on the providers page
10:19:18.086 [main] INFO  resources.base - User is clicking on service tab from the catalog session
10:19:18.245 [main] INFO  resources.base - User is clicking on export button from the service Page
10:19:18.339 [main] INFO  resources.base - User is clicking on cancel button from the export provider popup
10:19:23.607 [main] INFO  resources.base - User is cliking on edit Service dropdown icon of 1st record on Service's page
10:19:32.040 [main] INFO  resources.base - User is cliking on edit Service of 1st record on Service's page
